Loading plugins phase: Elapsed time ==> 0s.724ms
Initializing data phase: Elapsed time ==> 0s.000ms
<CYPRESSTAG name="CyDsfit arguments...">
cydsfit arguments: -.fdsnotice -.fdswarpdepfile=warp_dependencies.txt -.fdselabdepfile=elab_dependencies.txt -.fdsbldfile=generated_files.txt -p C:\Users\Rafael\Documents\PSoC Creator\Workspace01\MicroFluidics.cydsn\MicroFluidics.cyprj -d CY8C4247LQI-BL483 -s C:\Users\Rafael\Documents\PSoC Creator\Workspace01\MicroFluidics.cydsn\Generated_Source\PSoC4 -- -yv2 -q10 -ygs -o2 -v3 -.fftcfgtype=LE</CYPRESSTAG>
<CYPRESSTAG name="Design elaboration results...">
</CYPRESSTAG>
Elaboration phase: Elapsed time ==> 6s.597ms
<CYPRESSTAG name="HDL generation results...">
</CYPRESSTAG>
HDL generation phase: Elapsed time ==> 0s.181ms
<CYPRESSTAG name="Synthesis results...">

     | | | | | | |
   _________________
  -|               |-
  -|               |-
  -|               |-
  -|    CYPRESS    |-
  -|               |-
  -|               |-   Warp Verilog Synthesis Compiler: Version 6.3 IR 41
  -|               |-   Copyright (C) 1991-2001 Cypress Semiconductor
   |_______________|
     | | | | | | |

======================================================================
Compiling:  MicroFluidics.v
Program  :   C:\Program Files (x86)\Cypress\PSoC Creator\3.3\PSoC Creator\warp\bin/warp.exe
Options  :    -yv2 -q10 -ygs -o2 -v3 -.fftcfgtype=LE -ya -.fftprj=C:\Users\Rafael\Documents\PSoC Creator\Workspace01\MicroFluidics.cydsn\MicroFluidics.cyprj -dcpsoc3 MicroFluidics.v -verilog
======================================================================

======================================================================
Compiling:  MicroFluidics.v
Program  :   C:\Program Files (x86)\Cypress\PSoC Creator\3.3\PSoC Creator\warp\bin/warp.exe
Options  :    -yv2 -q10 -ygs -o2 -v3 -.fftcfgtype=LE -ya -.fftprj=C:\Users\Rafael\Documents\PSoC Creator\Workspace01\MicroFluidics.cydsn\MicroFluidics.cyprj -dcpsoc3 MicroFluidics.v -verilog
======================================================================

======================================================================
Compiling:  MicroFluidics.v
Program  :   vlogfe
Options  :    -yv2 -q10 -ygs -o2 -v3 -.fftcfgtype=LE -ya -.fftprj=C:\Users\Rafael\Documents\PSoC Creator\Workspace01\MicroFluidics.cydsn\MicroFluidics.cyprj -dcpsoc3 -verilog MicroFluidics.v
======================================================================

vlogfe V6.3 IR 41:  Verilog parser
Thu Jun 02 18:14:33 2016


======================================================================
Compiling:  MicroFluidics.v
Program  :   vpp
Options  :    -yv2 -q10 MicroFluidics.v
======================================================================

vpp V6.3 IR 41:  Verilog Pre-Processor
Thu Jun 02 18:14:33 2016

Flattening file 'C:\Program Files (x86)\Cypress\PSoC Creator\3.3\PSoC Creator\psoc\content\cyprimitives\CyPrimitives.cylib\or_v1_0\or_v1_0.v'
Flattening file 'C:\Program Files (x86)\Cypress\PSoC Creator\3.3\PSoC Creator\psoc\content\cyprimitives\CyPrimitives.cylib\cy_constant_v1_0\cy_constant_v1_0.v'
Flattening file 'C:\Program Files (x86)\Cypress\PSoC Creator\3.3\PSoC Creator\psoc\content\cyprimitives\CyPrimitives.cylib\ZeroTerminal\ZeroTerminal.v'
Flattening file 'C:\Program Files (x86)\Cypress\PSoC Creator\3.3\PSoC Creator\psoc\content\cyprimitives\CyPrimitives.cylib\cy_analog_virtualmux_v1_0\cy_analog_virtualmux_v1_0.v'
Flattening file 'C:\Program Files (x86)\Cypress\PSoC Creator\3.3\PSoC Creator\psoc\content\cycomponentlibrary\CyComponentLibrary.cylib\Bus_Connect_v2_40\Bus_Connect_v2_40.v'
Flattening file 'C:\Program Files (x86)\Cypress\PSoC Creator\3.3\PSoC Creator\warp\lib\common\cypress.v'
Flattening file 'C:\Program Files (x86)\Cypress\PSoC Creator\3.3\PSoC Creator\warp\lib\common\cy_psoc3_inc.v'
Flattening file 'C:\Program Files (x86)\Cypress\PSoC Creator\3.3\PSoC Creator\psoc\content\cyprimitives\CyPrimitives.cylib\cy_virtualmux_v1_0\cy_virtualmux_v1_0.v'
Flattening file 'C:\Program Files (x86)\Cypress\PSoC Creator\3.3\PSoC Creator\psoc\content\cycomponentlibrary\CyComponentLibrary.cylib\B_PWM_v3_30\B_PWM_v3_30.v'
Flattening file 'C:\Program Files (x86)\Cypress\PSoC Creator\3.3\PSoC Creator\warp\lib\common\cypress.v'
Flattening file 'C:\Program Files (x86)\Cypress\PSoC Creator\3.3\PSoC Creator\psoc\content\cyprimitives\CyPrimitives.cylib\not_v1_0\not_v1_0.v'

vpp:  No errors.

Library 'work' => directory 'lcpsoc3'
General_symbol_table
General_symbol_table
Linking 'C:\Program Files (x86)\Cypress\PSoC Creator\3.3\PSoC Creator\warp\lib\common\std.vhd'.
Linking 'C:\Program Files (x86)\Cypress\PSoC Creator\3.3\PSoC Creator\warp\lib\common\cypress.vhd'.
Linking 'C:\Program Files (x86)\Cypress\PSoC Creator\3.3\PSoC Creator\warp\lib\common\work\cypress.vif'.
Linking 'C:\Program Files (x86)\Cypress\PSoC Creator\3.3\PSoC Creator\warp\lib\ieee\work\stdlogic.vif'.
Linking 'C:\Program Files (x86)\Cypress\PSoC Creator\3.3\PSoC Creator\warp\lib\common\stdlogic\lpmpkg.vif'.
Linking 'C:\Program Files (x86)\Cypress\PSoC Creator\3.3\PSoC Creator\warp\lib\common\stdlogic\rtlpkg.vif'.
Linking 'C:\Program Files (x86)\Cypress\PSoC Creator\3.3\PSoC Creator\warp\lib\common\stdlogic\mod_cnst.vif'.
Linking 'C:\Program Files (x86)\Cypress\PSoC Creator\3.3\PSoC Creator\warp\lib\common\stdlogic\mod_mthv.vif'.
Linking 'C:\Program Files (x86)\Cypress\PSoC Creator\3.3\PSoC Creator\warp\lib\common\stdlogic\mod_genv.vif'.
Using control file 'MicroFluidics.ctl'.
C:\Program Files (x86)\Cypress\PSoC Creator\3.3\PSoC Creator\psoc\content\cycomponentlibrary\CyComponentLibrary.cylib\B_PWM_v3_30\B_PWM_v3_30.v (line 947, col 46):  Note: Substituting module 'sub_vi_vv' for '-'.
C:\Program Files (x86)\Cypress\PSoC Creator\3.3\PSoC Creator\psoc\content\cycomponentlibrary\CyComponentLibrary.cylib\B_PWM_v3_30\B_PWM_v3_30.v (line 977, col 46):  Note: Substituting module 'add_vi_vv' for '+'.
Linking 'C:\Program Files (x86)\Cypress\PSoC Creator\3.3\PSoC Creator\warp\lib\common\stdlogic\cy_psoc3pkg.vif'.
Linking 'C:\Program Files (x86)\Cypress\PSoC Creator\3.3\PSoC Creator\warp\lib\common\stdlogic\cy_psoc3.vif'.

vlogfe:  No errors.


======================================================================
Compiling:  MicroFluidics.v
Program  :   tovif
Options  :    -yv2 -q10 -ygs -o2 -v3 -.fftcfgtype=LE -ya -.fftprj=C:\Users\Rafael\Documents\PSoC Creator\Workspace01\MicroFluidics.cydsn\MicroFluidics.cyprj -dcpsoc3 -verilog MicroFluidics.v
======================================================================

tovif V6.3 IR 41:  High-level synthesis
Thu Jun 02 18:14:34 2016

Linking 'C:\Program Files (x86)\Cypress\PSoC Creator\3.3\PSoC Creator\warp\lib\common\std.vhd'.
Linking 'C:\Program Files (x86)\Cypress\PSoC Creator\3.3\PSoC Creator\warp\lib\common\cypress.vhd'.
Linking 'C:\Program Files (x86)\Cypress\PSoC Creator\3.3\PSoC Creator\warp\lib\common\work\cypress.vif'.
Linking 'C:\Program Files (x86)\Cypress\PSoC Creator\3.3\PSoC Creator\warp\lib\ieee\work\stdlogic.vif'.
Linking 'C:\Program Files (x86)\Cypress\PSoC Creator\3.3\PSoC Creator\warp\lib\common\stdlogic\lpmpkg.vif'.
Linking 'C:\Program Files (x86)\Cypress\PSoC Creator\3.3\PSoC Creator\warp\lib\common\stdlogic\rtlpkg.vif'.
Linking 'C:\Program Files (x86)\Cypress\PSoC Creator\3.3\PSoC Creator\warp\lib\common\stdlogic\mod_cnst.vif'.
Linking 'C:\Program Files (x86)\Cypress\PSoC Creator\3.3\PSoC Creator\warp\lib\common\stdlogic\mod_mthv.vif'.
Linking 'C:\Program Files (x86)\Cypress\PSoC Creator\3.3\PSoC Creator\warp\lib\common\stdlogic\mod_genv.vif'.
Linking 'C:\Users\Rafael\Documents\PSoC Creator\Workspace01\MicroFluidics.cydsn\codegentemp\MicroFluidics.ctl'.
Linking 'C:\Program Files (x86)\Cypress\PSoC Creator\3.3\PSoC Creator\psoc\content\cyprimitives\CyPrimitives.cylib\or_v1_0\or_v1_0.v'.
Linking 'C:\Users\Rafael\Documents\PSoC Creator\Workspace01\MicroFluidics.cydsn\codegentemp\MicroFluidics.v'.
Linking 'C:\Program Files (x86)\Cypress\PSoC Creator\3.3\PSoC Creator\psoc\content\cyprimitives\CyPrimitives.cylib\cy_constant_v1_0\cy_constant_v1_0.v'.
Linking 'C:\Program Files (x86)\Cypress\PSoC Creator\3.3\PSoC Creator\psoc\content\cyprimitives\CyPrimitives.cylib\ZeroTerminal\ZeroTerminal.v'.
Linking 'C:\Program Files (x86)\Cypress\PSoC Creator\3.3\PSoC Creator\psoc\content\cyprimitives\CyPrimitives.cylib\cy_analog_virtualmux_v1_0\cy_analog_virtualmux_v1_0.v'.
Linking 'C:\Program Files (x86)\Cypress\PSoC Creator\3.3\PSoC Creator\psoc\content\cycomponentlibrary\CyComponentLibrary.cylib\Bus_Connect_v2_40\Bus_Connect_v2_40.v'.
Linking 'C:\Program Files (x86)\Cypress\PSoC Creator\3.3\PSoC Creator\warp\lib\common\cypress.v'.
Linking 'C:\Program Files (x86)\Cypress\PSoC Creator\3.3\PSoC Creator\warp\lib\common\cy_psoc3_inc.v'.
Linking 'C:\Program Files (x86)\Cypress\PSoC Creator\3.3\PSoC Creator\psoc\content\cyprimitives\CyPrimitives.cylib\cy_virtualmux_v1_0\cy_virtualmux_v1_0.v'.
Linking 'C:\Program Files (x86)\Cypress\PSoC Creator\3.3\PSoC Creator\psoc\content\cycomponentlibrary\CyComponentLibrary.cylib\B_PWM_v3_30\B_PWM_v3_30.v'.
Linking 'C:\Program Files (x86)\Cypress\PSoC Creator\3.3\PSoC Creator\psoc\content\cyprimitives\CyPrimitives.cylib\not_v1_0\not_v1_0.v'.
Linking 'C:\Program Files (x86)\Cypress\PSoC Creator\3.3\PSoC Creator\warp\lib\common\stdlogic\cy_psoc3pkg.vif'.
Linking 'C:\Program Files (x86)\Cypress\PSoC Creator\3.3\PSoC Creator\warp\lib\common\stdlogic\cy_psoc3.vif'.
Linking 'C:\Program Files (x86)\Cypress\PSoC Creator\3.3\PSoC Creator\warp\lib\lcpsoc3\stdlogic\mod_cnst.vif'.

tovif:  No errors.


======================================================================
Compiling:  MicroFluidics.v
Program  :   topld
Options  :    -yv2 -q10 -ygs -o2 -v3 -.fftcfgtype=LE -ya -.fftprj=C:\Users\Rafael\Documents\PSoC Creator\Workspace01\MicroFluidics.cydsn\MicroFluidics.cyprj -dcpsoc3 -verilog MicroFluidics.v
======================================================================

topld V6.3 IR 41:  Synthesis and optimization
Thu Jun 02 18:14:36 2016

Linking 'C:\Program Files (x86)\Cypress\PSoC Creator\3.3\PSoC Creator\warp\lib\common\std.vhd'.
Linking 'C:\Program Files (x86)\Cypress\PSoC Creator\3.3\PSoC Creator\warp\lib\common\cypress.vhd'.
Linking 'C:\Program Files (x86)\Cypress\PSoC Creator\3.3\PSoC Creator\warp\lib\common\work\cypress.vif'.
Linking 'C:\Program Files (x86)\Cypress\PSoC Creator\3.3\PSoC Creator\warp\lib\ieee\work\stdlogic.vif'.
Linking 'C:\Program Files (x86)\Cypress\PSoC Creator\3.3\PSoC Creator\warp\lib\common\stdlogic\lpmpkg.vif'.
Linking 'C:\Program Files (x86)\Cypress\PSoC Creator\3.3\PSoC Creator\warp\lib\common\stdlogic\rtlpkg.vif'.
Linking 'C:\Program Files (x86)\Cypress\PSoC Creator\3.3\PSoC Creator\warp\lib\common\stdlogic\mod_cnst.vif'.
Linking 'C:\Program Files (x86)\Cypress\PSoC Creator\3.3\PSoC Creator\warp\lib\common\stdlogic\mod_mthv.vif'.
Linking 'C:\Program Files (x86)\Cypress\PSoC Creator\3.3\PSoC Creator\warp\lib\common\stdlogic\mod_genv.vif'.
Linking 'C:\Users\Rafael\Documents\PSoC Creator\Workspace01\MicroFluidics.cydsn\codegentemp\MicroFluidics.ctl'.
Linking 'C:\Program Files (x86)\Cypress\PSoC Creator\3.3\PSoC Creator\psoc\content\cyprimitives\CyPrimitives.cylib\or_v1_0\or_v1_0.v'.
Linking 'C:\Users\Rafael\Documents\PSoC Creator\Workspace01\MicroFluidics.cydsn\codegentemp\MicroFluidics.v'.
Linking 'C:\Program Files (x86)\Cypress\PSoC Creator\3.3\PSoC Creator\psoc\content\cyprimitives\CyPrimitives.cylib\cy_constant_v1_0\cy_constant_v1_0.v'.
Linking 'C:\Program Files (x86)\Cypress\PSoC Creator\3.3\PSoC Creator\psoc\content\cyprimitives\CyPrimitives.cylib\ZeroTerminal\ZeroTerminal.v'.
Linking 'C:\Program Files (x86)\Cypress\PSoC Creator\3.3\PSoC Creator\psoc\content\cyprimitives\CyPrimitives.cylib\cy_analog_virtualmux_v1_0\cy_analog_virtualmux_v1_0.v'.
Linking 'C:\Program Files (x86)\Cypress\PSoC Creator\3.3\PSoC Creator\psoc\content\cycomponentlibrary\CyComponentLibrary.cylib\Bus_Connect_v2_40\Bus_Connect_v2_40.v'.
Linking 'C:\Program Files (x86)\Cypress\PSoC Creator\3.3\PSoC Creator\warp\lib\common\cypress.v'.
Linking 'C:\Program Files (x86)\Cypress\PSoC Creator\3.3\PSoC Creator\warp\lib\common\cy_psoc3_inc.v'.
Linking 'C:\Program Files (x86)\Cypress\PSoC Creator\3.3\PSoC Creator\psoc\content\cyprimitives\CyPrimitives.cylib\cy_virtualmux_v1_0\cy_virtualmux_v1_0.v'.
Linking 'C:\Program Files (x86)\Cypress\PSoC Creator\3.3\PSoC Creator\psoc\content\cycomponentlibrary\CyComponentLibrary.cylib\B_PWM_v3_30\B_PWM_v3_30.v'.
Linking 'C:\Program Files (x86)\Cypress\PSoC Creator\3.3\PSoC Creator\psoc\content\cyprimitives\CyPrimitives.cylib\not_v1_0\not_v1_0.v'.
Linking 'C:\Program Files (x86)\Cypress\PSoC Creator\3.3\PSoC Creator\warp\lib\common\stdlogic\cy_psoc3pkg.vif'.
Linking 'C:\Program Files (x86)\Cypress\PSoC Creator\3.3\PSoC Creator\warp\lib\common\stdlogic\cy_psoc3.vif'.
Linking 'C:\Program Files (x86)\Cypress\PSoC Creator\3.3\PSoC Creator\warp\lib\lcpsoc3\stdlogic\mod_cnst.vif'.
Linking 'C:\Program Files (x86)\Cypress\PSoC Creator\3.3\PSoC Creator\warp\lib\lcpsoc3\stdlogic\cpsoc3.vif'.

----------------------------------------------------------
Detecting unused logic.
----------------------------------------------------------
    User names
	Net_1115
	\BLE_1:Net_55\
	\ADC:Net_3125\
	\ADC:Net_3126\
	\pwm:PWMUDB:km_run\
	\pwm:PWMUDB:ctrl_cmpmode2_2\
	\pwm:PWMUDB:ctrl_cmpmode2_1\
	\pwm:PWMUDB:ctrl_cmpmode2_0\
	\pwm:PWMUDB:ctrl_cmpmode1_2\
	\pwm:PWMUDB:ctrl_cmpmode1_1\
	\pwm:PWMUDB:ctrl_cmpmode1_0\
	\pwm:PWMUDB:capt_rising\
	\pwm:PWMUDB:capt_falling\
	\pwm:PWMUDB:trig_rise\
	\pwm:PWMUDB:trig_fall\
	\pwm:PWMUDB:sc_kill\
	\pwm:PWMUDB:min_kill\
	\pwm:PWMUDB:db_tc\
	\pwm:PWMUDB:dith_sel\
	\pwm:PWMUDB:compare2\
	Net_1202
	Net_1203
	Net_1204
	\pwm:PWMUDB:MODULE_1:b_31\
	\pwm:PWMUDB:MODULE_1:b_30\
	\pwm:PWMUDB:MODULE_1:b_29\
	\pwm:PWMUDB:MODULE_1:b_28\
	\pwm:PWMUDB:MODULE_1:b_27\
	\pwm:PWMUDB:MODULE_1:b_26\
	\pwm:PWMUDB:MODULE_1:b_25\
	\pwm:PWMUDB:MODULE_1:b_24\
	\pwm:PWMUDB:MODULE_1:b_23\
	\pwm:PWMUDB:MODULE_1:b_22\
	\pwm:PWMUDB:MODULE_1:b_21\
	\pwm:PWMUDB:MODULE_1:b_20\
	\pwm:PWMUDB:MODULE_1:b_19\
	\pwm:PWMUDB:MODULE_1:b_18\
	\pwm:PWMUDB:MODULE_1:b_17\
	\pwm:PWMUDB:MODULE_1:b_16\
	\pwm:PWMUDB:MODULE_1:b_15\
	\pwm:PWMUDB:MODULE_1:b_14\
	\pwm:PWMUDB:MODULE_1:b_13\
	\pwm:PWMUDB:MODULE_1:b_12\
	\pwm:PWMUDB:MODULE_1:b_11\
	\pwm:PWMUDB:MODULE_1:b_10\
	\pwm:PWMUDB:MODULE_1:b_9\
	\pwm:PWMUDB:MODULE_1:b_8\
	\pwm:PWMUDB:MODULE_1:b_7\
	\pwm:PWMUDB:MODULE_1:b_6\
	\pwm:PWMUDB:MODULE_1:b_5\
	\pwm:PWMUDB:MODULE_1:b_4\
	\pwm:PWMUDB:MODULE_1:b_3\
	\pwm:PWMUDB:MODULE_1:b_2\
	\pwm:PWMUDB:MODULE_1:b_1\
	\pwm:PWMUDB:MODULE_1:b_0\
	\pwm:PWMUDB:MODULE_1:g2:a0:a_31\
	\pwm:PWMUDB:MODULE_1:g2:a0:a_30\
	\pwm:PWMUDB:MODULE_1:g2:a0:a_29\
	\pwm:PWMUDB:MODULE_1:g2:a0:a_28\
	\pwm:PWMUDB:MODULE_1:g2:a0:a_27\
	\pwm:PWMUDB:MODULE_1:g2:a0:a_26\
	\pwm:PWMUDB:MODULE_1:g2:a0:a_25\
	\pwm:PWMUDB:MODULE_1:g2:a0:a_24\
	\pwm:PWMUDB:MODULE_1:g2:a0:b_31\
	\pwm:PWMUDB:MODULE_1:g2:a0:b_30\
	\pwm:PWMUDB:MODULE_1:g2:a0:b_29\
	\pwm:PWMUDB:MODULE_1:g2:a0:b_28\
	\pwm:PWMUDB:MODULE_1:g2:a0:b_27\
	\pwm:PWMUDB:MODULE_1:g2:a0:b_26\
	\pwm:PWMUDB:MODULE_1:g2:a0:b_25\
	\pwm:PWMUDB:MODULE_1:g2:a0:b_24\
	\pwm:PWMUDB:MODULE_1:g2:a0:b_23\
	\pwm:PWMUDB:MODULE_1:g2:a0:b_22\
	\pwm:PWMUDB:MODULE_1:g2:a0:b_21\
	\pwm:PWMUDB:MODULE_1:g2:a0:b_20\
	\pwm:PWMUDB:MODULE_1:g2:a0:b_19\
	\pwm:PWMUDB:MODULE_1:g2:a0:b_18\
	\pwm:PWMUDB:MODULE_1:g2:a0:b_17\
	\pwm:PWMUDB:MODULE_1:g2:a0:b_16\
	\pwm:PWMUDB:MODULE_1:g2:a0:b_15\
	\pwm:PWMUDB:MODULE_1:g2:a0:b_14\
	\pwm:PWMUDB:MODULE_1:g2:a0:b_13\
	\pwm:PWMUDB:MODULE_1:g2:a0:b_12\
	\pwm:PWMUDB:MODULE_1:g2:a0:b_11\
	\pwm:PWMUDB:MODULE_1:g2:a0:b_10\
	\pwm:PWMUDB:MODULE_1:g2:a0:b_9\
	\pwm:PWMUDB:MODULE_1:g2:a0:b_8\
	\pwm:PWMUDB:MODULE_1:g2:a0:b_7\
	\pwm:PWMUDB:MODULE_1:g2:a0:b_6\
	\pwm:PWMUDB:MODULE_1:g2:a0:b_5\
	\pwm:PWMUDB:MODULE_1:g2:a0:b_4\
	\pwm:PWMUDB:MODULE_1:g2:a0:b_3\
	\pwm:PWMUDB:MODULE_1:g2:a0:b_2\
	\pwm:PWMUDB:MODULE_1:g2:a0:b_1\
	\pwm:PWMUDB:MODULE_1:g2:a0:b_0\
	\pwm:PWMUDB:MODULE_1:g2:a0:s_31\
	\pwm:PWMUDB:MODULE_1:g2:a0:s_30\
	\pwm:PWMUDB:MODULE_1:g2:a0:s_29\
	\pwm:PWMUDB:MODULE_1:g2:a0:s_28\
	\pwm:PWMUDB:MODULE_1:g2:a0:s_27\
	\pwm:PWMUDB:MODULE_1:g2:a0:s_26\
	\pwm:PWMUDB:MODULE_1:g2:a0:s_25\
	\pwm:PWMUDB:MODULE_1:g2:a0:s_24\
	\pwm:PWMUDB:MODULE_1:g2:a0:s_23\
	\pwm:PWMUDB:MODULE_1:g2:a0:s_22\
	\pwm:PWMUDB:MODULE_1:g2:a0:s_21\
	\pwm:PWMUDB:MODULE_1:g2:a0:s_20\
	\pwm:PWMUDB:MODULE_1:g2:a0:s_19\
	\pwm:PWMUDB:MODULE_1:g2:a0:s_18\
	\pwm:PWMUDB:MODULE_1:g2:a0:s_17\
	\pwm:PWMUDB:MODULE_1:g2:a0:s_16\
	\pwm:PWMUDB:MODULE_1:g2:a0:s_15\
	\pwm:PWMUDB:MODULE_1:g2:a0:s_14\
	\pwm:PWMUDB:MODULE_1:g2:a0:s_13\
	\pwm:PWMUDB:MODULE_1:g2:a0:s_12\
	\pwm:PWMUDB:MODULE_1:g2:a0:s_11\
	\pwm:PWMUDB:MODULE_1:g2:a0:s_10\
	\pwm:PWMUDB:MODULE_1:g2:a0:s_9\
	\pwm:PWMUDB:MODULE_1:g2:a0:s_8\
	\pwm:PWMUDB:MODULE_1:g2:a0:s_7\
	\pwm:PWMUDB:MODULE_1:g2:a0:s_6\
	\pwm:PWMUDB:MODULE_1:g2:a0:s_5\
	\pwm:PWMUDB:MODULE_1:g2:a0:s_4\
	\pwm:PWMUDB:MODULE_1:g2:a0:s_3\
	\pwm:PWMUDB:MODULE_1:g2:a0:s_2\
	\pwm:PWMUDB:MODULE_1:g2:a0:g1:z1:s0:g1:u0:c_31\
	\pwm:PWMUDB:MODULE_1:g2:a0:g1:z1:s0:g1:u0:c_30\
	\pwm:PWMUDB:MODULE_1:g2:a0:g1:z1:s0:g1:u0:c_29\
	\pwm:PWMUDB:MODULE_1:g2:a0:g1:z1:s0:g1:u0:c_28\
	\pwm:PWMUDB:MODULE_1:g2:a0:g1:z1:s0:g1:u0:c_27\
	\pwm:PWMUDB:MODULE_1:g2:a0:g1:z1:s0:g1:u0:c_26\
	\pwm:PWMUDB:MODULE_1:g2:a0:g1:z1:s0:g1:u0:c_25\
	\pwm:Net_139\
	\pwm:Net_138\
	\pwm:Net_183\
	\pwm:Net_181\

    Synthesized names
	\pwm:PWMUDB:add_vi_vv_MODGEN_1_31\
	\pwm:PWMUDB:add_vi_vv_MODGEN_1_30\
	\pwm:PWMUDB:add_vi_vv_MODGEN_1_29\
	\pwm:PWMUDB:add_vi_vv_MODGEN_1_28\
	\pwm:PWMUDB:add_vi_vv_MODGEN_1_27\
	\pwm:PWMUDB:add_vi_vv_MODGEN_1_26\
	\pwm:PWMUDB:add_vi_vv_MODGEN_1_25\
	\pwm:PWMUDB:add_vi_vv_MODGEN_1_24\
	\pwm:PWMUDB:add_vi_vv_MODGEN_1_23\
	\pwm:PWMUDB:add_vi_vv_MODGEN_1_22\
	\pwm:PWMUDB:add_vi_vv_MODGEN_1_21\
	\pwm:PWMUDB:add_vi_vv_MODGEN_1_20\
	\pwm:PWMUDB:add_vi_vv_MODGEN_1_19\
	\pwm:PWMUDB:add_vi_vv_MODGEN_1_18\
	\pwm:PWMUDB:add_vi_vv_MODGEN_1_17\
	\pwm:PWMUDB:add_vi_vv_MODGEN_1_16\
	\pwm:PWMUDB:add_vi_vv_MODGEN_1_15\
	\pwm:PWMUDB:add_vi_vv_MODGEN_1_14\
	\pwm:PWMUDB:add_vi_vv_MODGEN_1_13\
	\pwm:PWMUDB:add_vi_vv_MODGEN_1_12\
	\pwm:PWMUDB:add_vi_vv_MODGEN_1_11\
	\pwm:PWMUDB:add_vi_vv_MODGEN_1_10\
	\pwm:PWMUDB:add_vi_vv_MODGEN_1_9\
	\pwm:PWMUDB:add_vi_vv_MODGEN_1_8\
	\pwm:PWMUDB:add_vi_vv_MODGEN_1_7\
	\pwm:PWMUDB:add_vi_vv_MODGEN_1_6\
	\pwm:PWMUDB:add_vi_vv_MODGEN_1_5\
	\pwm:PWMUDB:add_vi_vv_MODGEN_1_4\
	\pwm:PWMUDB:add_vi_vv_MODGEN_1_3\
	\pwm:PWMUDB:add_vi_vv_MODGEN_1_2\

Deleted 136 User equations/components.
Deleted 30 Synthesized equations/components.

------------------------------------------------------
Alias Detection
------------------------------------------------------
Aliasing one to tmpOE__Lectura_net_0
Aliasing tmpOE__Frecuencia_net_0 to tmpOE__Lectura_net_0
Aliasing \ADC:Net_3107\ to zero
Aliasing \ADC:Net_3106\ to zero
Aliasing \ADC:Net_3105\ to zero
Aliasing \ADC:Net_3104\ to zero
Aliasing \ADC:Net_3103\ to zero
Aliasing \ADC:Net_3207_1\ to zero
Aliasing \ADC:Net_3207_0\ to zero
Aliasing \ADC:Net_3235\ to zero
Aliasing tmpOE__R_LED_net_0 to tmpOE__Lectura_net_0
Aliasing tmpOE__B_LED_net_0 to tmpOE__Lectura_net_0
Aliasing \pwm:Net_180\ to zero
Aliasing \pwm:PWMUDB:hwCapture\ to zero
Aliasing \pwm:Net_178\ to zero
Aliasing \pwm:PWMUDB:trig_out\ to tmpOE__Lectura_net_0
Aliasing \pwm:PWMUDB:runmode_enable\\S\ to zero
Aliasing \pwm:Net_179\ to tmpOE__Lectura_net_0
Aliasing \pwm:PWMUDB:ltch_kill_reg\\R\ to \pwm:PWMUDB:runmode_enable\\R\
Aliasing \pwm:PWMUDB:ltch_kill_reg\\S\ to zero
Aliasing \pwm:PWMUDB:km_tc\ to zero
Aliasing \pwm:PWMUDB:min_kill_reg\\R\ to \pwm:PWMUDB:runmode_enable\\R\
Aliasing \pwm:PWMUDB:min_kill_reg\\S\ to zero
Aliasing \pwm:PWMUDB:final_kill\ to tmpOE__Lectura_net_0
Aliasing \pwm:PWMUDB:dith_count_1\\R\ to \pwm:PWMUDB:runmode_enable\\R\
Aliasing \pwm:PWMUDB:dith_count_1\\S\ to zero
Aliasing \pwm:PWMUDB:dith_count_0\\R\ to \pwm:PWMUDB:runmode_enable\\R\
Aliasing \pwm:PWMUDB:dith_count_0\\S\ to zero
Aliasing \pwm:PWMUDB:status_6\ to zero
Aliasing \pwm:PWMUDB:status_4\ to zero
Aliasing \pwm:PWMUDB:cmp2\ to zero
Aliasing \pwm:PWMUDB:cmp1_status_reg\\R\ to \pwm:PWMUDB:runmode_enable\\R\
Aliasing \pwm:PWMUDB:cmp1_status_reg\\S\ to zero
Aliasing \pwm:PWMUDB:cmp2_status_reg\\R\ to \pwm:PWMUDB:runmode_enable\\R\
Aliasing \pwm:PWMUDB:cmp2_status_reg\\S\ to zero
Aliasing \pwm:PWMUDB:final_kill_reg\\R\ to \pwm:PWMUDB:runmode_enable\\R\
Aliasing \pwm:PWMUDB:final_kill_reg\\S\ to zero
Aliasing \pwm:PWMUDB:cs_addr_0\ to \pwm:PWMUDB:runmode_enable\\R\
Aliasing \pwm:PWMUDB:pwm1_i\ to zero
Aliasing \pwm:PWMUDB:pwm2_i\ to zero
Aliasing \pwm:PWMUDB:MODULE_1:g2:a0:a_23\ to zero
Aliasing \pwm:PWMUDB:MODULE_1:g2:a0:a_22\ to zero
Aliasing \pwm:PWMUDB:MODULE_1:g2:a0:a_21\ to zero
Aliasing \pwm:PWMUDB:MODULE_1:g2:a0:a_20\ to zero
Aliasing \pwm:PWMUDB:MODULE_1:g2:a0:a_19\ to zero
Aliasing \pwm:PWMUDB:MODULE_1:g2:a0:a_18\ to zero
Aliasing \pwm:PWMUDB:MODULE_1:g2:a0:a_17\ to zero
Aliasing \pwm:PWMUDB:MODULE_1:g2:a0:a_16\ to zero
Aliasing \pwm:PWMUDB:MODULE_1:g2:a0:a_15\ to zero
Aliasing \pwm:PWMUDB:MODULE_1:g2:a0:a_14\ to zero
Aliasing \pwm:PWMUDB:MODULE_1:g2:a0:a_13\ to zero
Aliasing \pwm:PWMUDB:MODULE_1:g2:a0:a_12\ to zero
Aliasing \pwm:PWMUDB:MODULE_1:g2:a0:a_11\ to zero
Aliasing \pwm:PWMUDB:MODULE_1:g2:a0:a_10\ to zero
Aliasing \pwm:PWMUDB:MODULE_1:g2:a0:a_9\ to zero
Aliasing \pwm:PWMUDB:MODULE_1:g2:a0:a_8\ to zero
Aliasing \pwm:PWMUDB:MODULE_1:g2:a0:a_7\ to zero
Aliasing \pwm:PWMUDB:MODULE_1:g2:a0:a_6\ to zero
Aliasing \pwm:PWMUDB:MODULE_1:g2:a0:a_5\ to zero
Aliasing \pwm:PWMUDB:MODULE_1:g2:a0:a_4\ to zero
Aliasing \pwm:PWMUDB:MODULE_1:g2:a0:a_3\ to zero
Aliasing \pwm:PWMUDB:MODULE_1:g2:a0:a_2\ to zero
Aliasing \pwm:PWMUDB:MODULE_1:g2:a0:g1:z1:s0:g1:u0:b_0\ to tmpOE__Lectura_net_0
Aliasing Net_1123 to zero
Aliasing tmpOE__G_LED_net_0 to tmpOE__Lectura_net_0
Aliasing \pwm:PWMUDB:prevCompare1\\D\ to \pwm:PWMUDB:pwm_temp\
Aliasing \pwm:PWMUDB:tc_i_reg\\D\ to \pwm:PWMUDB:status_2\
Removing Lhs of wire one[15] = tmpOE__Lectura_net_0[9]
Removing Lhs of wire tmpOE__Frecuencia_net_0[18] = tmpOE__Lectura_net_0[9]
Removing Lhs of wire \ADC:Net_3107\[94] = zero[10]
Removing Lhs of wire \ADC:Net_3106\[95] = zero[10]
Removing Lhs of wire \ADC:Net_3105\[96] = zero[10]
Removing Lhs of wire \ADC:Net_3104\[97] = zero[10]
Removing Lhs of wire \ADC:Net_3103\[98] = zero[10]
Removing Lhs of wire \ADC:Net_17\[140] = \ADC:Net_1845\[25]
Removing Lhs of wire \ADC:Net_3207_1\[162] = zero[10]
Removing Lhs of wire \ADC:Net_3207_0\[163] = zero[10]
Removing Lhs of wire \ADC:Net_3235\[164] = zero[10]
Removing Lhs of wire tmpOE__R_LED_net_0[232] = tmpOE__Lectura_net_0[9]
Removing Lhs of wire tmpOE__B_LED_net_0[241] = tmpOE__Lectura_net_0[9]
Removing Lhs of wire \pwm:Net_68\[249] = Net_989[239]
Removing Lhs of wire \pwm:PWMUDB:ctrl_enable\[260] = \pwm:PWMUDB:control_7\[252]
Removing Lhs of wire \pwm:Net_180\[268] = zero[10]
Removing Lhs of wire \pwm:PWMUDB:hwCapture\[271] = zero[10]
Removing Lhs of wire \pwm:PWMUDB:hwEnable\[272] = \pwm:PWMUDB:control_7\[252]
Removing Lhs of wire \pwm:Net_178\[274] = zero[10]
Removing Lhs of wire \pwm:PWMUDB:trig_out\[277] = tmpOE__Lectura_net_0[9]
Removing Lhs of wire \pwm:PWMUDB:runmode_enable\\R\[279] = \pwm:Net_186\[280]
Removing Lhs of wire \pwm:Net_186\[280] = zero[10]
Removing Lhs of wire \pwm:PWMUDB:runmode_enable\\S\[281] = zero[10]
Removing Lhs of wire \pwm:PWMUDB:final_enable\[282] = \pwm:PWMUDB:runmode_enable\[278]
Removing Lhs of wire \pwm:Net_179\[285] = tmpOE__Lectura_net_0[9]
Removing Lhs of wire \pwm:PWMUDB:ltch_kill_reg\\R\[287] = zero[10]
Removing Lhs of wire \pwm:PWMUDB:ltch_kill_reg\\S\[288] = zero[10]
Removing Lhs of wire \pwm:PWMUDB:km_tc\[289] = zero[10]
Removing Lhs of wire \pwm:PWMUDB:min_kill_reg\\R\[290] = zero[10]
Removing Lhs of wire \pwm:PWMUDB:min_kill_reg\\S\[291] = zero[10]
Removing Lhs of wire \pwm:PWMUDB:final_kill\[294] = tmpOE__Lectura_net_0[9]
Removing Lhs of wire \pwm:PWMUDB:add_vi_vv_MODGEN_1_1\[297] = \pwm:PWMUDB:MODULE_1:g2:a0:s_1\[536]
Removing Lhs of wire \pwm:PWMUDB:add_vi_vv_MODGEN_1_0\[299] = \pwm:PWMUDB:MODULE_1:g2:a0:s_0\[537]
Removing Lhs of wire \pwm:PWMUDB:dith_count_1\\R\[300] = zero[10]
Removing Lhs of wire \pwm:PWMUDB:dith_count_1\\S\[301] = zero[10]
Removing Lhs of wire \pwm:PWMUDB:dith_count_0\\R\[302] = zero[10]
Removing Lhs of wire \pwm:PWMUDB:dith_count_0\\S\[303] = zero[10]
Removing Lhs of wire \pwm:PWMUDB:status_6\[306] = zero[10]
Removing Rhs of wire \pwm:PWMUDB:status_5\[307] = \pwm:PWMUDB:final_kill_reg\[321]
Removing Lhs of wire \pwm:PWMUDB:status_4\[308] = zero[10]
Removing Rhs of wire \pwm:PWMUDB:status_3\[309] = \pwm:PWMUDB:fifo_full\[328]
Removing Rhs of wire \pwm:PWMUDB:status_1\[311] = \pwm:PWMUDB:cmp2_status_reg\[320]
Removing Rhs of wire \pwm:PWMUDB:status_0\[312] = \pwm:PWMUDB:cmp1_status_reg\[319]
Removing Lhs of wire \pwm:PWMUDB:cmp2_status\[317] = zero[10]
Removing Lhs of wire \pwm:PWMUDB:cmp2\[318] = zero[10]
Removing Lhs of wire \pwm:PWMUDB:cmp1_status_reg\\R\[322] = zero[10]
Removing Lhs of wire \pwm:PWMUDB:cmp1_status_reg\\S\[323] = zero[10]
Removing Lhs of wire \pwm:PWMUDB:cmp2_status_reg\\R\[324] = zero[10]
Removing Lhs of wire \pwm:PWMUDB:cmp2_status_reg\\S\[325] = zero[10]
Removing Lhs of wire \pwm:PWMUDB:final_kill_reg\\R\[326] = zero[10]
Removing Lhs of wire \pwm:PWMUDB:final_kill_reg\\S\[327] = zero[10]
Removing Lhs of wire \pwm:PWMUDB:cs_addr_2\[329] = \pwm:PWMUDB:tc_i\[284]
Removing Lhs of wire \pwm:PWMUDB:cs_addr_1\[330] = \pwm:PWMUDB:runmode_enable\[278]
Removing Lhs of wire \pwm:PWMUDB:cs_addr_0\[331] = zero[10]
Removing Lhs of wire \pwm:PWMUDB:compare1\[364] = \pwm:PWMUDB:cmp1_less\[335]
Removing Lhs of wire \pwm:PWMUDB:pwm1_i\[369] = zero[10]
Removing Lhs of wire \pwm:PWMUDB:pwm2_i\[371] = zero[10]
Removing Rhs of wire Net_390[374] = \pwm:PWMUDB:pwm_i_reg\[366]
Removing Lhs of wire \pwm:PWMUDB:pwm_temp\[377] = \pwm:PWMUDB:cmp1\[315]
Removing Lhs of wire \pwm:PWMUDB:MODULE_1:g2:a0:a_23\[418] = zero[10]
Removing Lhs of wire \pwm:PWMUDB:MODULE_1:g2:a0:a_22\[419] = zero[10]
Removing Lhs of wire \pwm:PWMUDB:MODULE_1:g2:a0:a_21\[420] = zero[10]
Removing Lhs of wire \pwm:PWMUDB:MODULE_1:g2:a0:a_20\[421] = zero[10]
Removing Lhs of wire \pwm:PWMUDB:MODULE_1:g2:a0:a_19\[422] = zero[10]
Removing Lhs of wire \pwm:PWMUDB:MODULE_1:g2:a0:a_18\[423] = zero[10]
Removing Lhs of wire \pwm:PWMUDB:MODULE_1:g2:a0:a_17\[424] = zero[10]
Removing Lhs of wire \pwm:PWMUDB:MODULE_1:g2:a0:a_16\[425] = zero[10]
Removing Lhs of wire \pwm:PWMUDB:MODULE_1:g2:a0:a_15\[426] = zero[10]
Removing Lhs of wire \pwm:PWMUDB:MODULE_1:g2:a0:a_14\[427] = zero[10]
Removing Lhs of wire \pwm:PWMUDB:MODULE_1:g2:a0:a_13\[428] = zero[10]
Removing Lhs of wire \pwm:PWMUDB:MODULE_1:g2:a0:a_12\[429] = zero[10]
Removing Lhs of wire \pwm:PWMUDB:MODULE_1:g2:a0:a_11\[430] = zero[10]
Removing Lhs of wire \pwm:PWMUDB:MODULE_1:g2:a0:a_10\[431] = zero[10]
Removing Lhs of wire \pwm:PWMUDB:MODULE_1:g2:a0:a_9\[432] = zero[10]
Removing Lhs of wire \pwm:PWMUDB:MODULE_1:g2:a0:a_8\[433] = zero[10]
Removing Lhs of wire \pwm:PWMUDB:MODULE_1:g2:a0:a_7\[434] = zero[10]
Removing Lhs of wire \pwm:PWMUDB:MODULE_1:g2:a0:a_6\[435] = zero[10]
Removing Lhs of wire \pwm:PWMUDB:MODULE_1:g2:a0:a_5\[436] = zero[10]
Removing Lhs of wire \pwm:PWMUDB:MODULE_1:g2:a0:a_4\[437] = zero[10]
Removing Lhs of wire \pwm:PWMUDB:MODULE_1:g2:a0:a_3\[438] = zero[10]
Removing Lhs of wire \pwm:PWMUDB:MODULE_1:g2:a0:a_2\[439] = zero[10]
Removing Lhs of wire \pwm:PWMUDB:MODULE_1:g2:a0:a_1\[440] = \pwm:PWMUDB:MODIN1_1\[441]
Removing Lhs of wire \pwm:PWMUDB:MODIN1_1\[441] = \pwm:PWMUDB:dith_count_1\[296]
Removing Lhs of wire \pwm:PWMUDB:MODULE_1:g2:a0:a_0\[442] = \pwm:PWMUDB:MODIN1_0\[443]
Removing Lhs of wire \pwm:PWMUDB:MODIN1_0\[443] = \pwm:PWMUDB:dith_count_0\[298]
Removing Lhs of wire \pwm:PWMUDB:MODULE_1:g2:a0:g1:z1:s0:g1:u0:c_0\[575] = tmpOE__Lectura_net_0[9]
Removing Lhs of wire \pwm:PWMUDB:MODULE_1:g2:a0:g1:z1:s0:g1:u0:b_0\[576] = tmpOE__Lectura_net_0[9]
Removing Lhs of wire Net_1123[582] = zero[10]
Removing Lhs of wire tmpOE__G_LED_net_0[584] = tmpOE__Lectura_net_0[9]
Removing Lhs of wire \pwm:PWMUDB:prevCapture\\D\[590] = zero[10]
Removing Lhs of wire \pwm:PWMUDB:trig_last\\D\[591] = zero[10]
Removing Lhs of wire \pwm:PWMUDB:prevCompare1\\D\[597] = \pwm:PWMUDB:cmp1\[315]
Removing Lhs of wire \pwm:PWMUDB:cmp1_status_reg\\D\[598] = \pwm:PWMUDB:cmp1_status\[316]
Removing Lhs of wire \pwm:PWMUDB:cmp2_status_reg\\D\[599] = zero[10]
Removing Lhs of wire \pwm:PWMUDB:pwm_i_reg\\D\[601] = \pwm:PWMUDB:pwm_i\[367]
Removing Lhs of wire \pwm:PWMUDB:pwm1_i_reg\\D\[602] = zero[10]
Removing Lhs of wire \pwm:PWMUDB:pwm2_i_reg\\D\[603] = zero[10]
Removing Lhs of wire \pwm:PWMUDB:tc_i_reg\\D\[604] = \pwm:PWMUDB:status_2\[310]

------------------------------------------------------
Aliased 0 equations, 98 wires.
------------------------------------------------------

----------------------------------------------------------
Circuit simplification
----------------------------------------------------------

Substituting virtuals - pass 1:

Note:  Expanding virtual equation for 'tmpOE__Lectura_net_0' (cost = 0):
tmpOE__Lectura_net_0 <=  ('1') ;

Note:  Expanding virtual equation for 'zero' (cost = 0):
zero <=  ('0') ;

Note:  Expanding virtual equation for '\pwm:PWMUDB:cmp1\' (cost = 0):
\pwm:PWMUDB:cmp1\ <= (\pwm:PWMUDB:cmp1_less\);

Note:  Expanding virtual equation for '\pwm:PWMUDB:MODULE_1:g2:a0:g1:z1:s0:g1:u0:c_1\' (cost = 0):
\pwm:PWMUDB:MODULE_1:g2:a0:g1:z1:s0:g1:u0:c_1\ <= (\pwm:PWMUDB:dith_count_0\);

Note:  Expanding virtual equation for '\pwm:PWMUDB:MODULE_1:g2:a0:s_0\' (cost = 0):
\pwm:PWMUDB:MODULE_1:g2:a0:s_0\ <= (not \pwm:PWMUDB:dith_count_0\);

Note:  Expanding virtual equation for '\pwm:PWMUDB:MODULE_1:g2:a0:g1:z1:s0:g1:u0:c_17\' (cost = 0):
\pwm:PWMUDB:MODULE_1:g2:a0:g1:z1:s0:g1:u0:c_17\ <=  ('0') ;

Note:  Expanding virtual equation for '\pwm:PWMUDB:MODULE_1:g2:a0:g1:z1:s0:g1:u0:c_9\' (cost = 0):
\pwm:PWMUDB:MODULE_1:g2:a0:g1:z1:s0:g1:u0:c_9\ <=  ('0') ;

Note:  Expanding virtual equation for '\pwm:PWMUDB:MODULE_1:g2:a0:g1:z1:s0:g1:u0:c_2\' (cost = 0):
\pwm:PWMUDB:MODULE_1:g2:a0:g1:z1:s0:g1:u0:c_2\ <= ((\pwm:PWMUDB:dith_count_1\ and \pwm:PWMUDB:dith_count_0\));


Substituting virtuals - pass 2:

Note:  Expanding virtual equation for '\pwm:PWMUDB:MODULE_1:g2:a0:s_1\' (cost = 2):
\pwm:PWMUDB:MODULE_1:g2:a0:s_1\ <= ((not \pwm:PWMUDB:dith_count_0\ and \pwm:PWMUDB:dith_count_1\)
	OR (not \pwm:PWMUDB:dith_count_1\ and \pwm:PWMUDB:dith_count_0\));

Note:  Expanding virtual equation for '\pwm:PWMUDB:MODULE_1:g2:a0:g1:z1:s0:g1:u0:c_18\' (cost = 0):
\pwm:PWMUDB:MODULE_1:g2:a0:g1:z1:s0:g1:u0:c_18\ <=  ('0') ;

Note:  Expanding virtual equation for '\pwm:PWMUDB:MODULE_1:g2:a0:g1:z1:s0:g1:u0:c_10\' (cost = 0):
\pwm:PWMUDB:MODULE_1:g2:a0:g1:z1:s0:g1:u0:c_10\ <=  ('0') ;

Note:  Expanding virtual equation for '\pwm:PWMUDB:MODULE_1:g2:a0:g1:z1:s0:g1:u0:c_3\' (cost = 0):
\pwm:PWMUDB:MODULE_1:g2:a0:g1:z1:s0:g1:u0:c_3\ <=  ('0') ;


Substituting virtuals - pass 3:

Note:  Expanding virtual equation for '\pwm:PWMUDB:MODULE_1:g2:a0:g1:z1:s0:g1:u0:c_19\' (cost = 0):
\pwm:PWMUDB:MODULE_1:g2:a0:g1:z1:s0:g1:u0:c_19\ <=  ('0') ;

Note:  Expanding virtual equation for '\pwm:PWMUDB:MODULE_1:g2:a0:g1:z1:s0:g1:u0:c_11\' (cost = 0):
\pwm:PWMUDB:MODULE_1:g2:a0:g1:z1:s0:g1:u0:c_11\ <=  ('0') ;

Note:  Expanding virtual equation for '\pwm:PWMUDB:MODULE_1:g2:a0:g1:z1:s0:g1:u0:c_4\' (cost = 0):
\pwm:PWMUDB:MODULE_1:g2:a0:g1:z1:s0:g1:u0:c_4\ <=  ('0') ;


Substituting virtuals - pass 4:

Note:  Expanding virtual equation for '\pwm:PWMUDB:MODULE_1:g2:a0:g1:z1:s0:g1:u0:c_20\' (cost = 0):
\pwm:PWMUDB:MODULE_1:g2:a0:g1:z1:s0:g1:u0:c_20\ <=  ('0') ;

Note:  Expanding virtual equation for '\pwm:PWMUDB:MODULE_1:g2:a0:g1:z1:s0:g1:u0:c_12\' (cost = 0):
\pwm:PWMUDB:MODULE_1:g2:a0:g1:z1:s0:g1:u0:c_12\ <=  ('0') ;

Note:  Expanding virtual equation for '\pwm:PWMUDB:MODULE_1:g2:a0:g1:z1:s0:g1:u0:c_5\' (cost = 0):
\pwm:PWMUDB:MODULE_1:g2:a0:g1:z1:s0:g1:u0:c_5\ <=  ('0') ;


Substituting virtuals - pass 5:

Note:  Expanding virtual equation for '\pwm:PWMUDB:MODULE_1:g2:a0:g1:z1:s0:g1:u0:c_21\' (cost = 0):
\pwm:PWMUDB:MODULE_1:g2:a0:g1:z1:s0:g1:u0:c_21\ <=  ('0') ;

Note:  Expanding virtual equation for '\pwm:PWMUDB:MODULE_1:g2:a0:g1:z1:s0:g1:u0:c_13\' (cost = 0):
\pwm:PWMUDB:MODULE_1:g2:a0:g1:z1:s0:g1:u0:c_13\ <=  ('0') ;

Note:  Expanding virtual equation for '\pwm:PWMUDB:MODULE_1:g2:a0:g1:z1:s0:g1:u0:c_6\' (cost = 0):
\pwm:PWMUDB:MODULE_1:g2:a0:g1:z1:s0:g1:u0:c_6\ <=  ('0') ;


Substituting virtuals - pass 6:

Note:  Expanding virtual equation for '\pwm:PWMUDB:MODULE_1:g2:a0:g1:z1:s0:g1:u0:c_22\' (cost = 0):
\pwm:PWMUDB:MODULE_1:g2:a0:g1:z1:s0:g1:u0:c_22\ <=  ('0') ;

Note:  Expanding virtual equation for '\pwm:PWMUDB:MODULE_1:g2:a0:g1:z1:s0:g1:u0:c_14\' (cost = 0):
\pwm:PWMUDB:MODULE_1:g2:a0:g1:z1:s0:g1:u0:c_14\ <=  ('0') ;

Note:  Expanding virtual equation for '\pwm:PWMUDB:MODULE_1:g2:a0:g1:z1:s0:g1:u0:c_7\' (cost = 0):
\pwm:PWMUDB:MODULE_1:g2:a0:g1:z1:s0:g1:u0:c_7\ <=  ('0') ;


Substituting virtuals - pass 7:

Note:  Expanding virtual equation for '\pwm:PWMUDB:MODULE_1:g2:a0:g1:z1:s0:g1:u0:c_23\' (cost = 0):
\pwm:PWMUDB:MODULE_1:g2:a0:g1:z1:s0:g1:u0:c_23\ <=  ('0') ;

Note:  Expanding virtual equation for '\pwm:PWMUDB:MODULE_1:g2:a0:g1:z1:s0:g1:u0:c_15\' (cost = 0):
\pwm:PWMUDB:MODULE_1:g2:a0:g1:z1:s0:g1:u0:c_15\ <=  ('0') ;


Substituting virtuals - pass 8:


----------------------------------------------------------
Circuit simplification results:

	Expanded 26 signals.
	Turned 0 signals into soft nodes.
	Maximum default expansion cost was set at 3.
----------------------------------------------------------

------------------------------------------------------
Alias Detection
------------------------------------------------------
Aliasing \pwm:PWMUDB:final_capture\ to zero
Aliasing \pwm:PWMUDB:MODULE_1:g2:a0:g1:z1:s0:g1:u0:b_24\ to zero
Aliasing \pwm:PWMUDB:MODULE_1:g2:a0:g1:z1:s0:g1:u0:b_16\ to zero
Aliasing \pwm:PWMUDB:MODULE_1:g2:a0:g1:z1:s0:g1:u0:b_8\ to zero
Aliasing \pwm:PWMUDB:min_kill_reg\\D\ to tmpOE__Lectura_net_0
Aliasing \pwm:PWMUDB:ltch_kill_reg\\D\ to tmpOE__Lectura_net_0
Aliasing \pwm:PWMUDB:final_kill_reg\\D\ to zero
Removing Lhs of wire \pwm:PWMUDB:final_capture\[333] = zero[10]
Removing Lhs of wire \pwm:PWMUDB:MODULE_1:g2:a0:g1:z1:s0:g1:u0:b_24\[546] = zero[10]
Removing Lhs of wire \pwm:PWMUDB:MODULE_1:g2:a0:g1:z1:s0:g1:u0:b_16\[556] = zero[10]
Removing Lhs of wire \pwm:PWMUDB:MODULE_1:g2:a0:g1:z1:s0:g1:u0:b_8\[566] = zero[10]
Removing Lhs of wire \pwm:PWMUDB:min_kill_reg\\D\[589] = tmpOE__Lectura_net_0[9]
Removing Lhs of wire \pwm:PWMUDB:runmode_enable\\D\[592] = \pwm:PWMUDB:control_7\[252]
Removing Lhs of wire \pwm:PWMUDB:ltch_kill_reg\\D\[594] = tmpOE__Lectura_net_0[9]
Removing Lhs of wire \pwm:PWMUDB:final_kill_reg\\D\[600] = zero[10]

------------------------------------------------------
Aliased 0 equations, 8 wires.
------------------------------------------------------

----------------------------------------------------------
Circuit simplification
----------------------------------------------------------

Eliminating unused logic - pass 1:


Eliminating unused logic - pass 2:


Substituting virtuals - pass 1:


----------------------------------------------------------
Circuit simplification results:

	Expanded 0 signals.
	Turned 0 signals into soft nodes.
	Maximum default expansion cost was set at 3.
----------------------------------------------------------

topld:  No errors.

CYPRESS_DIR    : C:\Program Files (x86)\Cypress\PSoC Creator\3.3\PSoC Creator\warp
Warp Program   : C:\Program Files (x86)\Cypress\PSoC Creator\3.3\PSoC Creator\warp\bin/warp.exe
Warp Arguments : -yv2 -q10 -ygs -o2 -v3 -.fftcfgtype=LE -ya "-.fftprj=C:\Users\Rafael\Documents\PSoC Creator\Workspace01\MicroFluidics.cydsn\MicroFluidics.cyprj" -dcpsoc3 MicroFluidics.v -verilog
</CYPRESSTAG>
Warp synthesis phase: Elapsed time ==> 3s.496ms
<CYPRESSTAG name="Fitter results...">
<CYPRESSTAG name="Fitter startup details...">
cyp3fit: V3.3.0.9604, Family: PSoC3, Started at: Thursday, 02 June 2016 18:14:37
Options: -yv2 -q10 -ygs -o2 -v3 -.fftcfgtype=LE -ya -.fftprj=C:\Users\Rafael\Documents\PSoC Creator\Workspace01\MicroFluidics.cydsn\MicroFluidics.cyprj -d CY8C4247LQI-BL483 MicroFluidics.v -verilog
</CYPRESSTAG>
<CYPRESSTAG name="Design parsing">
Design parsing phase: Elapsed time ==> 0s.052ms
</CYPRESSTAG>
<CYPRESSTAG name="Tech mapping">
<CYPRESSTAG name="Initial Mapping" icon="FILE_RPT_TECHM">
    Removed wire end \pwm:PWMUDB:MODULE_1:g2:a0:g1:z1:s0:g1:u0:c_24\ kept zero
    Removed wire end \pwm:PWMUDB:MODULE_1:g2:a0:g1:z1:s0:g1:u0:c_16\ kept zero
    Removed wire end \pwm:PWMUDB:MODULE_1:g2:a0:g1:z1:s0:g1:u0:c_8\ kept zero
    Converted constant MacroCell: \pwm:PWMUDB:prevCapture\ from registered to combinatorial
    Converted constant MacroCell: \pwm:PWMUDB:trig_last\ from registered to combinatorial
    Converted constant MacroCell: \pwm:PWMUDB:status_1\ from registered to combinatorial
    Converted constant MacroCell: \pwm:PWMUDB:status_5\ from registered to combinatorial
    Converted constant MacroCell: \pwm:PWMUDB:pwm1_i_reg\ from registered to combinatorial
    Converted constant MacroCell: \pwm:PWMUDB:pwm2_i_reg\ from registered to combinatorial
Assigning clock BLE_1_LFCLK to clock LFCLK because it is a pass-through

Removing unused cells resulting from optimization
Done removing unused cells.
<CYPRESSTAG name="Global Clock Selection" icon="FILE_RPT_TECHM">
    Fixed Function Clock 6: Automatic-assigning  clock 'ADC_intClock'. Signal=\ADC:Net_1845_ff6\
    Digital Clock 0: Automatic-assigning  clock 'Clock_1'. Fanout=1, Signal=Net_989_digital
<CYPRESSTAG name="UDB Clock/Enable Remapping Results">
    UDB Clk/Enable \pwm:PWMUDB:clock_enable_block\: with output requested to be synchronous
        ClockIn: ClockGenBlock:m0s8clockgenblockcell.gen_clk_out_0 was determined to be a global clock that is synchronous to HFCLK
        EnableIn: Constant 1 was determined to be synchronous to ClockIn
        ClockOut: ClockGenBlock:m0s8clockgenblockcell.gen_clk_out_0, EnableOut: Constant 1
</CYPRESSTAG>
</CYPRESSTAG>

Removing unused cells resulting from optimization
Done removing unused cells.

Removing unused cells resulting from optimization
Done removing unused cells.
<CYPRESSTAG name="Duplicate Macrocell detection">
</CYPRESSTAG>
</CYPRESSTAG>
<CYPRESSTAG name="Duplicate Macrocell detection">

Removing unused cells resulting from optimization
Done removing unused cells.
</CYPRESSTAG>
<CYPRESSTAG name="Design Equations" icon="FILE_RPT_EQUATION">

------------------------------------------------------------
Design Equations
------------------------------------------------------------
    <CYPRESSTAG name="Pin listing">

    ------------------------------------------------------------
    Pin listing
    ------------------------------------------------------------

    Pin : Name = Lectura(0)
        Attributes:
            In Group/Port: True
            In Sync Option: AUTO
            Out Sync Option: AUTO
            Interrupt generated: False
            Interrupt mode: NONE
            Drive mode: HI_Z_ANALOG
            VTrip: EITHER
            Slew: FAST
            Input Sync needed: False
            Output Sync needed: False
            SC shield enabled: False
            POR State: ANY
            LCD Mode: COMMON
            Register Mode: RegComb
            CaSense Mode: NEITHER
            Treat as pin: True
            Is OE Registered: False
            Uses Analog: True
            Can contain Digital: False
            Is SIO: False
            SIO Output Buf: NONREGULATED
            SIO Input Buf: SINGLE_ENDED
            SIO HiFreq: LOW
            SIO Hyst: DISABLED
            SIO Vtrip: MULTIPLIER_0_5
            SIO Multiplier Index: 0
            SIO RefSel: VCC_IO
            Required Capabilitites: ANALOG
            Initial Value: 1
            IO Voltage: 0
        PORT MAP (
            pa_out => Lectura(0)__PA ,
            analog_term => Net_1023 ,
            pad => Lectura(0)_PAD );
        Properties:
        {
        }

    Pin : Name = Frecuencia(0)
        Attributes:
            In Group/Port: True
            In Sync Option: AUTO
            Out Sync Option: NOSYNC
            Interrupt generated: False
            Interrupt mode: NONE
            Drive mode: CMOS_OUT
            VTrip: EITHER
            Slew: FAST
            Input Sync needed: False
            Output Sync needed: False
            SC shield enabled: False
            POR State: ANY
            LCD Mode: COMMON
            Register Mode: RegComb
            CaSense Mode: NEITHER
            Treat as pin: True
            Is OE Registered: False
            Uses Analog: False
            Can contain Digital: True
            Is SIO: False
            SIO Output Buf: NONREGULATED
            SIO Input Buf: SINGLE_ENDED
            SIO HiFreq: LOW
            SIO Hyst: DISABLED
            SIO Vtrip: MULTIPLIER_0_5
            SIO Multiplier Index: 0
            SIO RefSel: VCC_IO
            Required Capabilitites: DIGITAL
            Initial Value: 0
            IO Voltage: 0
        PORT MAP (
            pa_out => Frecuencia(0)__PA ,
            pad => Frecuencia(0)_PAD );
        Properties:
        {
        }

    Pin : Name = R_LED(0)
        Attributes:
            In Group/Port: True
            In Sync Option: AUTO
            Out Sync Option: NOSYNC
            Interrupt generated: False
            Interrupt mode: NONE
            Drive mode: CMOS_OUT
            VTrip: EITHER
            Slew: FAST
            Input Sync needed: False
            Output Sync needed: False
            SC shield enabled: False
            POR State: ANY
            LCD Mode: COMMON
            Register Mode: RegComb
            CaSense Mode: NEITHER
            Treat as pin: True
            Is OE Registered: False
            Uses Analog: False
            Can contain Digital: True
            Is SIO: False
            SIO Output Buf: NONREGULATED
            SIO Input Buf: SINGLE_ENDED
            SIO HiFreq: LOW
            SIO Hyst: DISABLED
            SIO Vtrip: MULTIPLIER_0_5
            SIO Multiplier Index: 0
            SIO RefSel: VCC_IO
            Required Capabilitites: DIGITAL, ROUTABLE
            Initial Value: 1
            IO Voltage: 0
        PORT MAP (
            pa_out => R_LED(0)__PA ,
            input => Net_338 ,
            pad => R_LED(0)_PAD );
        Properties:
        {
        }

    Pin : Name = B_LED(0)
        Attributes:
            In Group/Port: True
            In Sync Option: AUTO
            Out Sync Option: NOSYNC
            Interrupt generated: False
            Interrupt mode: NONE
            Drive mode: CMOS_OUT
            VTrip: EITHER
            Slew: FAST
            Input Sync needed: False
            Output Sync needed: False
            SC shield enabled: False
            POR State: ANY
            LCD Mode: COMMON
            Register Mode: RegComb
            CaSense Mode: NEITHER
            Treat as pin: True
            Is OE Registered: False
            Uses Analog: False
            Can contain Digital: True
            Is SIO: False
            SIO Output Buf: NONREGULATED
            SIO Input Buf: SINGLE_ENDED
            SIO HiFreq: LOW
            SIO Hyst: DISABLED
            SIO Vtrip: MULTIPLIER_0_5
            SIO Multiplier Index: 0
            SIO RefSel: VCC_IO
            Required Capabilitites: DIGITAL
            Initial Value: 1
            IO Voltage: 0
        PORT MAP (
            pa_out => B_LED(0)__PA ,
            pad => B_LED(0)_PAD );
        Properties:
        {
        }

    Pin : Name = G_LED(0)
        Attributes:
            In Group/Port: True
            In Sync Option: AUTO
            Out Sync Option: NOSYNC
            Interrupt generated: False
            Interrupt mode: NONE
            Drive mode: CMOS_OUT
            VTrip: EITHER
            Slew: FAST
            Input Sync needed: False
            Output Sync needed: False
            SC shield enabled: False
            POR State: ANY
            LCD Mode: COMMON
            Register Mode: RegComb
            CaSense Mode: NEITHER
            Treat as pin: True
            Is OE Registered: False
            Uses Analog: False
            Can contain Digital: True
            Is SIO: False
            SIO Output Buf: NONREGULATED
            SIO Input Buf: SINGLE_ENDED
            SIO HiFreq: LOW
            SIO Hyst: DISABLED
            SIO Vtrip: MULTIPLIER_0_5
            SIO Multiplier Index: 0
            SIO RefSel: VCC_IO
            Required Capabilitites: DIGITAL
            Initial Value: 1
            IO Voltage: 0
        PORT MAP (
            pa_out => G_LED(0)__PA ,
            pad => G_LED(0)_PAD );
        Properties:
        {
        }
    </CYPRESSTAG>
    <CYPRESSTAG name="Macrocell listing" icon="FILE_RPT_EQUATION">

    ------------------------------------------------------------
    Macrocell listing
    ------------------------------------------------------------

    MacroCell: Name=\pwm:PWMUDB:status_2\, Mode=(Combinatorial)
        Total # of inputs        : 2
        Total # of product terms : 1
            Clock Enable: True
        Main Equation            : 1 pterm
        (
              \pwm:PWMUDB:runmode_enable\ * \pwm:PWMUDB:tc_i\
        );
        Output = \pwm:PWMUDB:status_2\ (fanout=1)

    MacroCell: Name=Net_338, Mode=(Combinatorial)
        Total # of inputs        : 1
        Total # of product terms : 1
            Clock Enable: True
        Main Equation            : 1 pterm
        (
              !Net_390
        );
        Output = Net_338 (fanout=1)

    MacroCell: Name=\pwm:PWMUDB:runmode_enable\, Mode=(D-Register)
        Total # of inputs        : 1
        Total # of product terms : 1
        List of special equations: 
            Clock  = (Net_989_digital) => Global
            Clock Enable: True
        Main Equation            : 1 pterm
        (
              \pwm:PWMUDB:control_7\
        );
        Output = \pwm:PWMUDB:runmode_enable\ (fanout=3)

    MacroCell: Name=\pwm:PWMUDB:prevCompare1\, Mode=(D-Register)
        Total # of inputs        : 1
        Total # of product terms : 1
        List of special equations: 
            Clock  = (Net_989_digital) => Global
            Clock Enable: True
        Main Equation            : 1 pterm
        (
              \pwm:PWMUDB:cmp1_less\
        );
        Output = \pwm:PWMUDB:prevCompare1\ (fanout=1)

    MacroCell: Name=\pwm:PWMUDB:status_0\, Mode=(D-Register)
        Total # of inputs        : 2
        Total # of product terms : 1
        List of special equations: 
            Clock  = (Net_989_digital) => Global
            Clock Enable: True
        Main Equation            : 1 pterm
        (
              !\pwm:PWMUDB:prevCompare1\ * \pwm:PWMUDB:cmp1_less\
        );
        Output = \pwm:PWMUDB:status_0\ (fanout=1)

    MacroCell: Name=Net_390, Mode=(D-Register)
        Total # of inputs        : 2
        Total # of product terms : 1
        List of special equations: 
            Clock  = (Net_989_digital) => Global
            Clock Enable: True
        Main Equation            : 1 pterm
        (
              \pwm:PWMUDB:runmode_enable\ * \pwm:PWMUDB:cmp1_less\
        );
        Output = Net_390 (fanout=1)
    </CYPRESSTAG>
    <CYPRESSTAG name="Datapath listing">

    ------------------------------------------------------------
    Datapath listing
    ------------------------------------------------------------

    datapathcell: Name =\pwm:PWMUDB:sP8:pwmdp:u0\
        PORT MAP (
            clock => Net_989_digital ,
            cs_addr_2 => \pwm:PWMUDB:tc_i\ ,
            cs_addr_1 => \pwm:PWMUDB:runmode_enable\ ,
            cl0_comb => \pwm:PWMUDB:cmp1_less\ ,
            z0_comb => \pwm:PWMUDB:tc_i\ ,
            f1_blk_stat_comb => \pwm:PWMUDB:status_3\ );
        Properties:
        {
            a0_init = "00000000"
            a1_init = "00000000"
            ce0_sync = 1
            ce1_sync = 1
            cl0_sync = 1
            cl1_sync = 1
            cmsb_sync = 1
            co_msb_sync = 1
            cy_dpconfig = "0000000001000000000000001100000001000000010000000000000011000000000000001100000000000000110000000000000011000000000000001100000011111111000000001111111111111111101000000000000000000100000000000000000000011000"
            d0_init = "00000000"
            d1_init = "00000000"
            f0_blk_sync = 1
            f0_bus_sync = 1
            f1_blk_sync = 1
            f1_bus_sync = 1
            ff0_sync = 1
            ff1_sync = 1
            ov_msb_sync = 1
            so_sync = 1
            z0_sync = 1
            z1_sync = 1
        }
        Clock Polarity: Active High
        Clock Enable: True
    </CYPRESSTAG>
    <CYPRESSTAG name="Status register listing">
    </CYPRESSTAG>
    <CYPRESSTAG name="StatusI register listing">

    ------------------------------------------------------------
    StatusI register listing
    ------------------------------------------------------------

    statusicell: Name =\pwm:PWMUDB:genblk8:stsreg\
        PORT MAP (
            clock => Net_989_digital ,
            status_3 => \pwm:PWMUDB:status_3\ ,
            status_2 => \pwm:PWMUDB:status_2\ ,
            status_0 => \pwm:PWMUDB:status_0\ );
        Properties:
        {
            cy_force_order = 1
            cy_int_mask = "1111111"
            cy_md_select = "0100111"
        }
        Clock Polarity: Active High
        Clock Enable: True
    </CYPRESSTAG>
    <CYPRESSTAG name="Sync listing">
    </CYPRESSTAG>
    <CYPRESSTAG name="Control register listing">

    ------------------------------------------------------------
    Control register listing
    ------------------------------------------------------------

    controlcell: Name =\pwm:PWMUDB:genblk1:ctrlreg\
        PORT MAP (
            clock => Net_989_digital ,
            control_7 => \pwm:PWMUDB:control_7\ ,
            control_6 => \pwm:PWMUDB:control_6\ ,
            control_5 => \pwm:PWMUDB:control_5\ ,
            control_4 => \pwm:PWMUDB:control_4\ ,
            control_3 => \pwm:PWMUDB:control_3\ ,
            control_2 => \pwm:PWMUDB:control_2\ ,
            control_1 => \pwm:PWMUDB:control_1\ ,
            control_0 => \pwm:PWMUDB:control_0\ );
        Properties:
        {
            cy_ctrl_mode_0 = "11111111"
            cy_ctrl_mode_1 = "00000000"
            cy_ext_reset = 0
            cy_force_order = 1
            cy_init_value = "00000000"
        }
        Clock Polarity: Active High
        Clock Enable: True
    </CYPRESSTAG>
    <CYPRESSTAG name="Count7 listing">
    </CYPRESSTAG>
    <CYPRESSTAG name="DRQ listing">
    </CYPRESSTAG>
    <CYPRESSTAG name="Interrupt listing">

    ------------------------------------------------------------
    Interrupt listing
    ------------------------------------------------------------

    interrupt: Name =\BLE_1:bless_isr\
        PORT MAP (
            interrupt => \BLE_1:Net_15\ );
        Properties:
        {
            int_type = "10"
        }

    interrupt: Name =\ADC:IRQ\
        PORT MAP (
            interrupt => \ADC:Net_3112\ );
        Properties:
        {
            int_type = "10"
        }
    </CYPRESSTAG>
</CYPRESSTAG>
<CYPRESSTAG name="Technology mapping summary" expanded>

------------------------------------------------------------
Technology mapping summary
------------------------------------------------------------

Resource Type                 : Used : Free :  Max :  % Used
============================================================
Digital Clocks                :    1 :    3 :    4 : 25.00 %
Interrupts                    :    2 :   30 :   32 :  6.25 %
IO                            :    9 :   29 :   38 : 23.68 %
Segment LCD                   :    0 :    1 :    1 :  0.00 %
CapSense                      :    0 :    1 :    1 :  0.00 %
Die Temp                      :    0 :    1 :    1 :  0.00 %
Serial Communication (SCB)    :    0 :    2 :    2 :  0.00 %
BLE                           :    1 :    0 :    1 : 100.00 %
Timer/Counter/PWM             :    0 :    4 :    4 :  0.00 %
UDB                           :      :      :      :        
  Macrocells                  :    6 :   26 :   32 : 18.75 %
  Unique P-terms              :    6 :   58 :   64 :  9.38 %
  Total P-terms               :    6 :      :      :        
  Datapath Cells              :    1 :    3 :    4 : 25.00 %
  Status Cells                :    1 :    3 :    4 : 25.00 %
    StatusI Registers         :    1 :      :      :        
  Control Cells               :    1 :    3 :    4 : 25.00 %
    Control Registers         :    1 :      :      :        
Comparator/Opamp              :    0 :    4 :    4 :  0.00 %
LP Comparator                 :    0 :    2 :    2 :  0.00 %
SAR ADC                       :    1 :    0 :    1 : 100.00 %
DAC                           :      :      :      :        
  7-bit IDAC                  :    0 :    1 :    1 :  0.00 %
  8-bit IDAC                  :    0 :    1 :    1 :  0.00 %
</CYPRESSTAG>
Technology Mapping: Elapsed time ==> 0s.164ms
Tech mapping phase: Elapsed time ==> 0s.240ms
</CYPRESSTAG>
<CYPRESSTAG name="Analog Placement">
<CYPRESSTAG name="Analog Placement">
Elapsed time ==> 0.4626264s
</CYPRESSTAG>
Analog Placement phase: Elapsed time ==> 1s.125ms
</CYPRESSTAG>
<CYPRESSTAG name="Analog Routing">
<CYPRESSTAG name="Analog Routing">
Route success=True, Iterations=1 Elapsed=0.0060305 secs
</CYPRESSTAG>
Analog Routing phase: Elapsed time ==> 0s.007ms
</CYPRESSTAG>
<CYPRESSTAG name="Analog Code Generation">
============ Analog Final Answer Routes ============
Dump of CyAnalogRoutingResultsDB
Map of net to items {
  Net: Net_1023 {
    p3_1
    PASS0_SARMUX0_sw1
    PASS0_sarmux_vplus
  }
  Net: \ADC:Net_3113\ {
  }
  Net: \ADC:Net_3227\ {
  }
  Net: \ADC:mux_bus_minus_0\ {
  }
  Net: \ADC:mux_bus_minus_1\ {
  }
  Net: \ADC:mux_bus_plus_1\ {
  }
}
Map of item to net {
  p3_1                                             -> Net_1023
  PASS0_SARMUX0_sw1                                -> Net_1023
  PASS0_sarmux_vplus                               -> Net_1023
}
Mux Info {
}
Analog Code Generation phase: Elapsed time ==> 0s.056ms
</CYPRESSTAG>
<CYPRESSTAG name="Digital Placement">
<CYPRESSTAG name="Detailed placement messages">
I2076: Total run-time: 0.9 sec.

</CYPRESSTAG>
<CYPRESSTAG name="PLD Packing">
<CYPRESSTAG name="PLD Packing Summary" expanded>

------------------------------------------------------------
PLD Packing Summary
------------------------------------------------------------
            Resource Type : Used : Free :  Max :  % Used
    ====================================================
                     PLDs :    2 :    6 :    8 :  25.00%

<CYPRESSTAG name="PLD Statistics">

        PLD Resource Type :     Average/LAB
    =======================================
                   Inputs :            3.50
                   Pterms :            3.00
               Macrocells :            3.00
</CYPRESSTAG>
<CYPRESSTAG name="Packed PLD Contents">
Packed PLD Contents not displayed at this verbose level.</CYPRESSTAG>
</CYPRESSTAG>
PLD Packing: Elapsed time ==> 0s.060ms
</CYPRESSTAG>
<CYPRESSTAG name="Partitioning">
<CYPRESSTAG name="Initial Partitioning Summary">
Initial Partitioning Summary not displayed at this verbose level.</CYPRESSTAG>
<CYPRESSTAG name="Final Partitioning Summary">
Final Partitioning Summary not displayed at this verbose level.</CYPRESSTAG>
Partitioning: Elapsed time ==> 0s.027ms
</CYPRESSTAG>
<CYPRESSTAG name="Simulated Annealing">
Annealing: Elapsed time ==> 0s.003ms
<CYPRESSTAG name="Simulated Annealing Results">
The seed used for moves was 114161200.
Inital cost was 25, final cost is 25 (0.00% improvement).</CYPRESSTAG>
</CYPRESSTAG>
<CYPRESSTAG name="Final Placement Summary">

------------------------------------------------------------
Final Placement Summary
------------------------------------------------------------

       Resource Type :      Count : Avg Inputs : Avg Outputs
    ========================================================
                 UDB :          1 :       6.00 :       6.00
<CYPRESSTAG name="Final Placement Details">
<CYPRESSTAG name="Component Details">

------------------------------------------------------------
Component Placement Details
------------------------------------------------------------
UDB [UDB=(0,0)] is empty.
UDB [UDB=(0,1)] contents:
LAB@[UDB=(0,1)][LB=0] #macrocells=4, #inputs=5, #pterms=4
{
    [McSlotId=0]:     MacroCell: Name=\pwm:PWMUDB:status_2\, Mode=(Combinatorial) @ [UDB=(0,1)][LB=0][MC=0]
        Total # of inputs        : 2
        Total # of product terms : 1
            Clock Enable: True
        Main Equation            : 1 pterm
        (
              \pwm:PWMUDB:runmode_enable\ * \pwm:PWMUDB:tc_i\
        );
        Output = \pwm:PWMUDB:status_2\ (fanout=1)
        Properties               : 
        {
        }

    [McSlotId=1]:     MacroCell: Name=\pwm:PWMUDB:runmode_enable\, Mode=(D-Register) @ [UDB=(0,1)][LB=0][MC=1]
        Total # of inputs        : 1
        Total # of product terms : 1
        List of special equations: 
            Clock  = (Net_989_digital) => Global
            Clock Enable: True
        Main Equation            : 1 pterm
        (
              \pwm:PWMUDB:control_7\
        );
        Output = \pwm:PWMUDB:runmode_enable\ (fanout=3)
        Properties               : 
        {
        }

    [McSlotId=2]:     MacroCell: Name=Net_390, Mode=(D-Register) @ [UDB=(0,1)][LB=0][MC=2]
        Total # of inputs        : 2
        Total # of product terms : 1
        List of special equations: 
            Clock  = (Net_989_digital) => Global
            Clock Enable: True
        Main Equation            : 1 pterm
        (
              \pwm:PWMUDB:runmode_enable\ * \pwm:PWMUDB:cmp1_less\
        );
        Output = Net_390 (fanout=1)
        Properties               : 
        {
        }

    [McSlotId=3]:     MacroCell: Name=Net_338, Mode=(Combinatorial) @ [UDB=(0,1)][LB=0][MC=3]
        Total # of inputs        : 1
        Total # of product terms : 1
            Clock Enable: True
        Main Equation            : 1 pterm
        (
              !Net_390
        );
        Output = Net_338 (fanout=1)
        Properties               : 
        {
        }
}

LAB@[UDB=(0,1)][LB=1] #macrocells=2, #inputs=2, #pterms=2
{
    [McSlotId=0]:     MacroCell: Name=\pwm:PWMUDB:prevCompare1\, Mode=(D-Register) @ [UDB=(0,1)][LB=1][MC=0]
        Total # of inputs        : 1
        Total # of product terms : 1
        List of special equations: 
            Clock  = (Net_989_digital) => Global
            Clock Enable: True
        Main Equation            : 1 pterm
        (
              \pwm:PWMUDB:cmp1_less\
        );
        Output = \pwm:PWMUDB:prevCompare1\ (fanout=1)
        Properties               : 
        {
        }

    [McSlotId=1]:     MacroCell: Name=\pwm:PWMUDB:status_0\, Mode=(D-Register) @ [UDB=(0,1)][LB=1][MC=1]
        Total # of inputs        : 2
        Total # of product terms : 1
        List of special equations: 
            Clock  = (Net_989_digital) => Global
            Clock Enable: True
        Main Equation            : 1 pterm
        (
              !\pwm:PWMUDB:prevCompare1\ * \pwm:PWMUDB:cmp1_less\
        );
        Output = \pwm:PWMUDB:status_0\ (fanout=1)
        Properties               : 
        {
        }

    [McSlotId=2]: (empty)
    [McSlotId=3]: (empty)
}

datapathcell: Name =\pwm:PWMUDB:sP8:pwmdp:u0\
    PORT MAP (
        clock => Net_989_digital ,
        cs_addr_2 => \pwm:PWMUDB:tc_i\ ,
        cs_addr_1 => \pwm:PWMUDB:runmode_enable\ ,
        cl0_comb => \pwm:PWMUDB:cmp1_less\ ,
        z0_comb => \pwm:PWMUDB:tc_i\ ,
        f1_blk_stat_comb => \pwm:PWMUDB:status_3\ );
    Properties:
    {
        a0_init = "00000000"
        a1_init = "00000000"
        ce0_sync = 1
        ce1_sync = 1
        cl0_sync = 1
        cl1_sync = 1
        cmsb_sync = 1
        co_msb_sync = 1
        cy_dpconfig = "0000000001000000000000001100000001000000010000000000000011000000000000001100000000000000110000000000000011000000000000001100000011111111000000001111111111111111101000000000000000000100000000000000000000011000"
        d0_init = "00000000"
        d1_init = "00000000"
        f0_blk_sync = 1
        f0_bus_sync = 1
        f1_blk_sync = 1
        f1_bus_sync = 1
        ff0_sync = 1
        ff1_sync = 1
        ov_msb_sync = 1
        so_sync = 1
        z0_sync = 1
        z1_sync = 1
    }
    Clock Polarity: Active High
    Clock Enable: True

statusicell: Name =\pwm:PWMUDB:genblk8:stsreg\
    PORT MAP (
        clock => Net_989_digital ,
        status_3 => \pwm:PWMUDB:status_3\ ,
        status_2 => \pwm:PWMUDB:status_2\ ,
        status_0 => \pwm:PWMUDB:status_0\ );
    Properties:
    {
        cy_force_order = 1
        cy_int_mask = "1111111"
        cy_md_select = "0100111"
    }
    Clock Polarity: Active High
    Clock Enable: True

controlcell: Name =\pwm:PWMUDB:genblk1:ctrlreg\
    PORT MAP (
        clock => Net_989_digital ,
        control_7 => \pwm:PWMUDB:control_7\ ,
        control_6 => \pwm:PWMUDB:control_6\ ,
        control_5 => \pwm:PWMUDB:control_5\ ,
        control_4 => \pwm:PWMUDB:control_4\ ,
        control_3 => \pwm:PWMUDB:control_3\ ,
        control_2 => \pwm:PWMUDB:control_2\ ,
        control_1 => \pwm:PWMUDB:control_1\ ,
        control_0 => \pwm:PWMUDB:control_0\ );
    Properties:
    {
        cy_ctrl_mode_0 = "11111111"
        cy_ctrl_mode_1 = "00000000"
        cy_ext_reset = 0
        cy_force_order = 1
        cy_init_value = "00000000"
    }
    Clock Polarity: Active High
    Clock Enable: True

UDB [UDB=(1,0)] is empty.
UDB [UDB=(1,1)] is empty.
Intr container @ [IntrContainer=(0)]: 
  Intr@ [IntrContainer=(0)][IntrId=(12)] 
    interrupt: Name =\BLE_1:bless_isr\
        PORT MAP (
            interrupt => \BLE_1:Net_15\ );
        Properties:
        {
            int_type = "10"
        }
  Intr@ [IntrContainer=(0)][IntrId=(15)] 
    interrupt: Name =\ADC:IRQ\
        PORT MAP (
            interrupt => \ADC:Net_3112\ );
        Properties:
        {
            int_type = "10"
        }
Port 0 is empty
Port 1 is empty
Port 2 contains the following IO cells:
[IoId=6]: 
Pin : Name = R_LED(0)
    Attributes:
        In Group/Port: True
        In Sync Option: AUTO
        Out Sync Option: NOSYNC
        Interrupt generated: False
        Interrupt mode: NONE
        Drive mode: CMOS_OUT
        VTrip: EITHER
        Slew: FAST
        Input Sync needed: False
        Output Sync needed: False
        SC shield enabled: False
        POR State: ANY
        LCD Mode: COMMON
        Register Mode: RegComb
        CaSense Mode: NEITHER
        Treat as pin: True
        Is OE Registered: False
        Uses Analog: False
        Can contain Digital: True
        Is SIO: False
        SIO Output Buf: NONREGULATED
        SIO Input Buf: SINGLE_ENDED
        SIO HiFreq: LOW
        SIO Hyst: DISABLED
        SIO Vtrip: MULTIPLIER_0_5
        SIO Multiplier Index: 0
        SIO RefSel: VCC_IO
        Required Capabilitites: DIGITAL, ROUTABLE
        Initial Value: 1
        IO Voltage: 0
    PORT MAP (
        pa_out => R_LED(0)__PA ,
        input => Net_338 ,
        pad => R_LED(0)_PAD );
    Properties:
    {
    }

Port 3 contains the following IO cells:
[IoId=0]: 
Pin : Name = Frecuencia(0)
    Attributes:
        In Group/Port: True
        In Sync Option: AUTO
        Out Sync Option: NOSYNC
        Interrupt generated: False
        Interrupt mode: NONE
        Drive mode: CMOS_OUT
        VTrip: EITHER
        Slew: FAST
        Input Sync needed: False
        Output Sync needed: False
        SC shield enabled: False
        POR State: ANY
        LCD Mode: COMMON
        Register Mode: RegComb
        CaSense Mode: NEITHER
        Treat as pin: True
        Is OE Registered: False
        Uses Analog: False
        Can contain Digital: True
        Is SIO: False
        SIO Output Buf: NONREGULATED
        SIO Input Buf: SINGLE_ENDED
        SIO HiFreq: LOW
        SIO Hyst: DISABLED
        SIO Vtrip: MULTIPLIER_0_5
        SIO Multiplier Index: 0
        SIO RefSel: VCC_IO
        Required Capabilitites: DIGITAL
        Initial Value: 0
        IO Voltage: 0
    PORT MAP (
        pa_out => Frecuencia(0)__PA ,
        pad => Frecuencia(0)_PAD );
    Properties:
    {
    }

[IoId=1]: 
Pin : Name = Lectura(0)
    Attributes:
        In Group/Port: True
        In Sync Option: AUTO
        Out Sync Option: AUTO
        Interrupt generated: False
        Interrupt mode: NONE
        Drive mode: HI_Z_ANALOG
        VTrip: EITHER
        Slew: FAST
        Input Sync needed: False
        Output Sync needed: False
        SC shield enabled: False
        POR State: ANY
        LCD Mode: COMMON
        Register Mode: RegComb
        CaSense Mode: NEITHER
        Treat as pin: True
        Is OE Registered: False
        Uses Analog: True
        Can contain Digital: False
        Is SIO: False
        SIO Output Buf: NONREGULATED
        SIO Input Buf: SINGLE_ENDED
        SIO HiFreq: LOW
        SIO Hyst: DISABLED
        SIO Vtrip: MULTIPLIER_0_5
        SIO Multiplier Index: 0
        SIO RefSel: VCC_IO
        Required Capabilitites: ANALOG
        Initial Value: 1
        IO Voltage: 0
    PORT MAP (
        pa_out => Lectura(0)__PA ,
        analog_term => Net_1023 ,
        pad => Lectura(0)_PAD );
    Properties:
    {
    }

[IoId=6]: 
Pin : Name = G_LED(0)
    Attributes:
        In Group/Port: True
        In Sync Option: AUTO
        Out Sync Option: NOSYNC
        Interrupt generated: False
        Interrupt mode: NONE
        Drive mode: CMOS_OUT
        VTrip: EITHER
        Slew: FAST
        Input Sync needed: False
        Output Sync needed: False
        SC shield enabled: False
        POR State: ANY
        LCD Mode: COMMON
        Register Mode: RegComb
        CaSense Mode: NEITHER
        Treat as pin: True
        Is OE Registered: False
        Uses Analog: False
        Can contain Digital: True
        Is SIO: False
        SIO Output Buf: NONREGULATED
        SIO Input Buf: SINGLE_ENDED
        SIO HiFreq: LOW
        SIO Hyst: DISABLED
        SIO Vtrip: MULTIPLIER_0_5
        SIO Multiplier Index: 0
        SIO RefSel: VCC_IO
        Required Capabilitites: DIGITAL
        Initial Value: 1
        IO Voltage: 0
    PORT MAP (
        pa_out => G_LED(0)__PA ,
        pad => G_LED(0)_PAD );
    Properties:
    {
    }

[IoId=7]: 
Pin : Name = B_LED(0)
    Attributes:
        In Group/Port: True
        In Sync Option: AUTO
        Out Sync Option: NOSYNC
        Interrupt generated: False
        Interrupt mode: NONE
        Drive mode: CMOS_OUT
        VTrip: EITHER
        Slew: FAST
        Input Sync needed: False
        Output Sync needed: False
        SC shield enabled: False
        POR State: ANY
        LCD Mode: COMMON
        Register Mode: RegComb
        CaSense Mode: NEITHER
        Treat as pin: True
        Is OE Registered: False
        Uses Analog: False
        Can contain Digital: True
        Is SIO: False
        SIO Output Buf: NONREGULATED
        SIO Input Buf: SINGLE_ENDED
        SIO HiFreq: LOW
        SIO Hyst: DISABLED
        SIO Vtrip: MULTIPLIER_0_5
        SIO Multiplier Index: 0
        SIO RefSel: VCC_IO
        Required Capabilitites: DIGITAL
        Initial Value: 1
        IO Voltage: 0
    PORT MAP (
        pa_out => B_LED(0)__PA ,
        pad => B_LED(0)_PAD );
    Properties:
    {
    }

Port 4 is empty
Port 5 is empty
Port 6 is empty
Clock group 0: 
    M0S8 Clock Block @ F(Clock,0): 
    m0s8clockblockcell: Name =ClockBlock
        PORT MAP (
            hfclk => ClockBlock_HFCLK ,
            imo => ClockBlock_IMO ,
            ext => ClockBlock_EXTCLK ,
            sysclk => ClockBlock_SYSCLK ,
            eco => ClockBlock_ECO ,
            ilo => ClockBlock_ILO ,
            lfclk => ClockBlock_LFCLK ,
            wco => ClockBlock_WCO ,
            dsi_in_0 => ClockBlock_Routed1 ,
            ff_div_6 => \ADC:Net_1845_ff6\ ,
            udb_div_0 => dclk_to_genclk );
        Properties:
        {
        }
PM group 0: empty
SPC group 0: empty
WDT group 0: empty
FSS group 0: empty
LP Comparator group 0: empty
Serial Communication (SCB) group 0: empty
CapSense group 0: empty
8-bit IDAC group 0: empty
7-bit IDAC group 0: empty
Timer/Counter/PWM group 0: empty
Comparator/Opamp group 0: empty
Die Temp group 0: empty
SAR ADC group 0: 
    PSoC4 SAR ADC @ F(SARADC,0): 
    p4sarcell: Name =\ADC:cy_psoc4_sar\
        PORT MAP (
            vplus => Net_1023 ,
            vminus => \ADC:mux_bus_minus_0\ ,
            vref => \ADC:Net_3113\ ,
            ext_vref => \ADC:Net_3227\ ,
            clock => \ADC:Net_1845_ff6\ ,
            sample_done => Net_1118 ,
            chan_id_valid => \ADC:Net_3108\ ,
            chan_id_3 => \ADC:Net_3109_3\ ,
            chan_id_2 => \ADC:Net_3109_2\ ,
            chan_id_1 => \ADC:Net_3109_1\ ,
            chan_id_0 => \ADC:Net_3109_0\ ,
            data_valid => \ADC:Net_3110\ ,
            data_11 => \ADC:Net_3111_11\ ,
            data_10 => \ADC:Net_3111_10\ ,
            data_9 => \ADC:Net_3111_9\ ,
            data_8 => \ADC:Net_3111_8\ ,
            data_7 => \ADC:Net_3111_7\ ,
            data_6 => \ADC:Net_3111_6\ ,
            data_5 => \ADC:Net_3111_5\ ,
            data_4 => \ADC:Net_3111_4\ ,
            data_3 => \ADC:Net_3111_3\ ,
            data_2 => \ADC:Net_3111_2\ ,
            data_1 => \ADC:Net_3111_1\ ,
            data_0 => \ADC:Net_3111_0\ ,
            tr_sar_out => Net_1119 ,
            irq => \ADC:Net_3112\ );
        Properties:
        {
            cy_registers = ""
        }
Segment LCD group 0: empty
CLK_GEN group 0: 
    M0S8 Clock Gen Block @ F(CLK_GEN,0): 
    m0s8clockgenblockcell: Name =ClockGenBlock
        PORT MAP (
            gen_clk_out_0 => Net_989_digital ,
            gen_clk_in_0 => dclk_to_genclk );
        Properties:
        {
        }
LPCOMPBLOCK group 0: empty
PASSBLOCK group 0: empty
ANAPUMP group 0: empty
BLE group 0: 
    BLE Block @ F(BLE,0): 
    p4blecell: Name =\BLE_1:cy_m0s8_ble\
        PORT MAP (
            interrupt => \BLE_1:Net_15\ ,
            rfctrl_extpa_en => Net_1116 );
        Properties:
        {
            cy_registers = ""
        }
GANGED_PICU group 0: empty
WCO group 0: empty
</CYPRESSTAG>
<CYPRESSTAG name="Port Configuration Details">

------------------------------------------------------------
Port Configuration report
------------------------------------------------------------
     |     |       | Interrupt |                  |               | 
Port | Pin | Fixed |      Type |       Drive Mode |          Name | Connections
-----+-----+-------+-----------+------------------+---------------+-----------------
   2 |   6 |     * |      NONE |         CMOS_OUT |      R_LED(0) | In(Net_338)
-----+-----+-------+-----------+------------------+---------------+-----------------
   3 |   0 |     * |      NONE |         CMOS_OUT | Frecuencia(0) | 
     |   1 |     * |      NONE |      HI_Z_ANALOG |    Lectura(0) | Analog(Net_1023)
     |   6 |     * |      NONE |         CMOS_OUT |      G_LED(0) | 
     |   7 |     * |      NONE |         CMOS_OUT |      B_LED(0) | 
------------------------------------------------------------------------------------
</CYPRESSTAG>
</CYPRESSTAG>
</CYPRESSTAG>
Digital component placer commit/Report: Elapsed time ==> 0s.004ms
Digital Placement phase: Elapsed time ==> 2s.040ms
</CYPRESSTAG>
<CYPRESSTAG name="Digital Routing">
Routing successful.
Digital Routing phase: Elapsed time ==> 2s.329ms
</CYPRESSTAG>
<CYPRESSTAG name="Bitstream and API generation">
Bitstream and API generation phase: Elapsed time ==> 0s.732ms
</CYPRESSTAG>
<CYPRESSTAG name="Bitstream verification">
Bitstream verification phase: Elapsed time ==> 0s.064ms
</CYPRESSTAG>
<CYPRESSTAG name="Static timing analysis">
Timing report is in MicroFluidics_timing.html.
Static timing analysis phase: Elapsed time ==> 0s.644ms
</CYPRESSTAG>
<CYPRESSTAG name="Data reporting">
Data reporting phase: Elapsed time ==> 0s.000ms
</CYPRESSTAG>
<CYPRESSTAG name="Database update...">
Design database save phase: Elapsed time ==> 0s.416ms
</CYPRESSTAG>
cydsfit: Elapsed time ==> 7s.750ms
</CYPRESSTAG>
Fitter phase: Elapsed time ==> 7s.910ms
API generation phase: Elapsed time ==> 6s.171ms
Dependency generation phase: Elapsed time ==> 0s.072ms
Cleanup phase: Elapsed time ==> 0s.003ms
