ARM GAS  C:\Users\Rafael\AppData\Local\Temp\cc6Tcckf.s 			page 1


   1              		.cpu cortex-m0
   2              		.fpu softvfp
   3              		.eabi_attribute 20, 1
   4              		.eabi_attribute 21, 1
   5              		.eabi_attribute 23, 3
   6              		.eabi_attribute 24, 1
   7              		.eabi_attribute 25, 1
   8              		.eabi_attribute 26, 1
   9              		.eabi_attribute 30, 1
  10              		.eabi_attribute 34, 0
  11              		.eabi_attribute 18, 4
  12              		.code	16
  13              		.file	"BLE_1_custom.c"
  14              		.text
  15              	.Ltext0:
  16              		.cfi_sections	.debug_frame
  17              		.section	.text.CyBle_CustomInit,"ax",%progbits
  18              		.align	2
  19              		.global	CyBle_CustomInit
  20              		.code	16
  21              		.thumb_func
  22              		.type	CyBle_CustomInit, %function
  23              	CyBle_CustomInit:
  24              	.LFB2:
  25              		.file 1 ".\\Generated_Source\\PSoC4\\BLE_1_custom.c"
   1:.\Generated_Source\PSoC4/BLE_1_custom.c **** /***************************************************************************//**
   2:.\Generated_Source\PSoC4/BLE_1_custom.c **** * \file CYBLE_custom.c
   3:.\Generated_Source\PSoC4/BLE_1_custom.c **** * \version 3.10
   4:.\Generated_Source\PSoC4/BLE_1_custom.c **** * 
   5:.\Generated_Source\PSoC4/BLE_1_custom.c **** * \brief
   6:.\Generated_Source\PSoC4/BLE_1_custom.c **** *  Contains the source code for the Custom Service.
   7:.\Generated_Source\PSoC4/BLE_1_custom.c **** * 
   8:.\Generated_Source\PSoC4/BLE_1_custom.c **** ********************************************************************************
   9:.\Generated_Source\PSoC4/BLE_1_custom.c **** * \copyright
  10:.\Generated_Source\PSoC4/BLE_1_custom.c **** * Copyright 2014-2016, Cypress Semiconductor Corporation.  All rights reserved.
  11:.\Generated_Source\PSoC4/BLE_1_custom.c **** * You may use this file only in accordance with the license, terms, conditions,
  12:.\Generated_Source\PSoC4/BLE_1_custom.c **** * disclaimers, and limitations in the end user license agreement accompanying
  13:.\Generated_Source\PSoC4/BLE_1_custom.c **** * the software package with which this file was provided.
  14:.\Generated_Source\PSoC4/BLE_1_custom.c **** *******************************************************************************/
  15:.\Generated_Source\PSoC4/BLE_1_custom.c **** 
  16:.\Generated_Source\PSoC4/BLE_1_custom.c **** 
  17:.\Generated_Source\PSoC4/BLE_1_custom.c **** #include "BLE_1_eventHandler.h"
  18:.\Generated_Source\PSoC4/BLE_1_custom.c **** 
  19:.\Generated_Source\PSoC4/BLE_1_custom.c **** #ifdef CYBLE_CUSTOM_SERVER
  20:.\Generated_Source\PSoC4/BLE_1_custom.c **** 
  21:.\Generated_Source\PSoC4/BLE_1_custom.c **** /* If any custom service with custom characterisctis is defined in the
  22:.\Generated_Source\PSoC4/BLE_1_custom.c **** * customizer's GUI their handles will be present in this array.
  23:.\Generated_Source\PSoC4/BLE_1_custom.c **** */
  24:.\Generated_Source\PSoC4/BLE_1_custom.c **** /* This array contains attribute handles for the defined Custom Services and their characteristics 
  25:.\Generated_Source\PSoC4/BLE_1_custom.c ****    The array index definitions are located in the CYBLE_custom.h file. */
  26:.\Generated_Source\PSoC4/BLE_1_custom.c **** const CYBLE_CUSTOMS_T cyBle_customs[0x01u] = {
  27:.\Generated_Source\PSoC4/BLE_1_custom.c **** 
  28:.\Generated_Source\PSoC4/BLE_1_custom.c ****     /* BioSensor service */
  29:.\Generated_Source\PSoC4/BLE_1_custom.c ****     {
  30:.\Generated_Source\PSoC4/BLE_1_custom.c ****         0x000Eu, /* Handle of the BioSensor service */ 
  31:.\Generated_Source\PSoC4/BLE_1_custom.c ****         {
  32:.\Generated_Source\PSoC4/BLE_1_custom.c **** 
ARM GAS  C:\Users\Rafael\AppData\Local\Temp\cc6Tcckf.s 			page 2


  33:.\Generated_Source\PSoC4/BLE_1_custom.c ****             /* Sensor characteristic */
  34:.\Generated_Source\PSoC4/BLE_1_custom.c ****             {
  35:.\Generated_Source\PSoC4/BLE_1_custom.c ****                 0x0010u, /* Handle of the Sensor characteristic */ 
  36:.\Generated_Source\PSoC4/BLE_1_custom.c ****                 
  37:.\Generated_Source\PSoC4/BLE_1_custom.c ****                 /* Array of Descriptors handles */
  38:.\Generated_Source\PSoC4/BLE_1_custom.c ****                 {
  39:.\Generated_Source\PSoC4/BLE_1_custom.c ****                     0x0011u, /* Handle of the Characteristic User Description descriptor */ 
  40:.\Generated_Source\PSoC4/BLE_1_custom.c ****                     0x0012u, /* Handle of the CCCD descriptor */ 
  41:.\Generated_Source\PSoC4/BLE_1_custom.c ****                 }, 
  42:.\Generated_Source\PSoC4/BLE_1_custom.c ****             },
  43:.\Generated_Source\PSoC4/BLE_1_custom.c ****         }, 
  44:.\Generated_Source\PSoC4/BLE_1_custom.c ****     },
  45:.\Generated_Source\PSoC4/BLE_1_custom.c **** };
  46:.\Generated_Source\PSoC4/BLE_1_custom.c **** 
  47:.\Generated_Source\PSoC4/BLE_1_custom.c **** 
  48:.\Generated_Source\PSoC4/BLE_1_custom.c **** #endif /* (CYBLE_CUSTOM_SERVER) */
  49:.\Generated_Source\PSoC4/BLE_1_custom.c **** 
  50:.\Generated_Source\PSoC4/BLE_1_custom.c **** #ifdef CYBLE_CUSTOM_CLIENT
  51:.\Generated_Source\PSoC4/BLE_1_custom.c ****     
  52:.\Generated_Source\PSoC4/BLE_1_custom.c **** 
  53:.\Generated_Source\PSoC4/BLE_1_custom.c **** static uint16 cyBle_customDisServIndex;
  54:.\Generated_Source\PSoC4/BLE_1_custom.c **** static uint16 cyBle_customDisCharIndex;
  55:.\Generated_Source\PSoC4/BLE_1_custom.c **** 
  56:.\Generated_Source\PSoC4/BLE_1_custom.c **** #endif /* (CYBLE_CUSTOM_CLIENT) */
  57:.\Generated_Source\PSoC4/BLE_1_custom.c **** 
  58:.\Generated_Source\PSoC4/BLE_1_custom.c **** 
  59:.\Generated_Source\PSoC4/BLE_1_custom.c **** /****************************************************************************** 
  60:.\Generated_Source\PSoC4/BLE_1_custom.c **** * Function Name: CyBle_CustomInit
  61:.\Generated_Source\PSoC4/BLE_1_custom.c **** ***************************************************************************//**
  62:.\Generated_Source\PSoC4/BLE_1_custom.c **** * 
  63:.\Generated_Source\PSoC4/BLE_1_custom.c **** *  This function initializes Custom Service.
  64:.\Generated_Source\PSoC4/BLE_1_custom.c **** * 
  65:.\Generated_Source\PSoC4/BLE_1_custom.c **** * \return
  66:.\Generated_Source\PSoC4/BLE_1_custom.c **** *  None
  67:.\Generated_Source\PSoC4/BLE_1_custom.c **** * 
  68:.\Generated_Source\PSoC4/BLE_1_custom.c **** ******************************************************************************/
  69:.\Generated_Source\PSoC4/BLE_1_custom.c **** void CyBle_CustomInit(void)
  70:.\Generated_Source\PSoC4/BLE_1_custom.c **** {
  26              		.loc 1 70 0
  27              		.cfi_startproc
  71:.\Generated_Source\PSoC4/BLE_1_custom.c ****     
  72:.\Generated_Source\PSoC4/BLE_1_custom.c **** #ifdef CYBLE_CUSTOM_CLIENT
  73:.\Generated_Source\PSoC4/BLE_1_custom.c **** 
  74:.\Generated_Source\PSoC4/BLE_1_custom.c ****     uint16 locServIndex;
  75:.\Generated_Source\PSoC4/BLE_1_custom.c ****     uint16 locCharIndex;
  76:.\Generated_Source\PSoC4/BLE_1_custom.c ****     uint16 locDescIndex;
  77:.\Generated_Source\PSoC4/BLE_1_custom.c ****     
  78:.\Generated_Source\PSoC4/BLE_1_custom.c ****     for(locServIndex = 0u; locServIndex < CYBLE_CUSTOMC_SERVICE_COUNT; locServIndex++)
  79:.\Generated_Source\PSoC4/BLE_1_custom.c ****     {
  80:.\Generated_Source\PSoC4/BLE_1_custom.c ****         if(cyBle_serverInfo[CYBLE_SRVI_CUSTOMS + locServIndex].range.startHandle == CYBLE_GATT_INVA
  81:.\Generated_Source\PSoC4/BLE_1_custom.c ****         {
  82:.\Generated_Source\PSoC4/BLE_1_custom.c ****             for(locCharIndex = 0u; locCharIndex < cyBle_customCServ[locServIndex].charCount; locCha
  83:.\Generated_Source\PSoC4/BLE_1_custom.c ****             {
  84:.\Generated_Source\PSoC4/BLE_1_custom.c ****                 cyBle_customCServ[locServIndex].customServChar[locCharIndex].
  85:.\Generated_Source\PSoC4/BLE_1_custom.c ****                     customServCharHandle = 0u;
  86:.\Generated_Source\PSoC4/BLE_1_custom.c ****                 
  87:.\Generated_Source\PSoC4/BLE_1_custom.c ****                 for(locDescIndex = 0u; locDescIndex < 
ARM GAS  C:\Users\Rafael\AppData\Local\Temp\cc6Tcckf.s 			page 3


  88:.\Generated_Source\PSoC4/BLE_1_custom.c ****                     cyBle_customCServ[locServIndex].customServChar[locCharIndex].descCount; 
  89:.\Generated_Source\PSoC4/BLE_1_custom.c ****                         locDescIndex++)
  90:.\Generated_Source\PSoC4/BLE_1_custom.c ****                 {
  91:.\Generated_Source\PSoC4/BLE_1_custom.c ****                     cyBle_customCServ[locServIndex].customServChar[locCharIndex].
  92:.\Generated_Source\PSoC4/BLE_1_custom.c ****                         customServCharDesc[locDescIndex].descHandle = 0u;
  93:.\Generated_Source\PSoC4/BLE_1_custom.c ****                 }
  94:.\Generated_Source\PSoC4/BLE_1_custom.c ****             }
  95:.\Generated_Source\PSoC4/BLE_1_custom.c ****         }
  96:.\Generated_Source\PSoC4/BLE_1_custom.c ****     }
  97:.\Generated_Source\PSoC4/BLE_1_custom.c **** 
  98:.\Generated_Source\PSoC4/BLE_1_custom.c **** #endif /* (CYBLE_CUSTOM_CLIENT) */
  99:.\Generated_Source\PSoC4/BLE_1_custom.c **** }
  28              		.loc 1 99 0
  29              		@ sp needed
  30 0000 7047     		bx	lr
  31              		.cfi_endproc
  32              	.LFE2:
  33              		.size	CyBle_CustomInit, .-CyBle_CustomInit
  34              		.global	cyBle_customs
  35 0002 C046     		.section	.rodata
  36              		.align	2
  37              		.type	cyBle_customs, %object
  38              		.size	cyBle_customs, 8
  39              	cyBle_customs:
  40 0000 0E00     		.short	14
  41 0002 1000     		.short	16
  42 0004 1100     		.short	17
  43 0006 1200     		.short	18
  44              		.text
  45              	.Letext0:
  46              		.file 2 ".\\Generated_Source\\PSoC4\\cytypes.h"
  47              		.file 3 ".\\Generated_Source\\PSoC4\\BLE_1_StackGatt.h"
  48              		.file 4 ".\\Generated_Source\\PSoC4\\BLE_1_custom.h"
  49              		.file 5 ".\\Generated_Source\\PSoC4\\BLE_1_Stack.h"
  50              		.section	.debug_info,"",%progbits
  51              	.Ldebug_info0:
  52 0000 08030000 		.4byte	0x308
  53 0004 0400     		.2byte	0x4
  54 0006 00000000 		.4byte	.Ldebug_abbrev0
  55 000a 04       		.byte	0x4
  56 000b 01       		.uleb128 0x1
  57 000c 28090000 		.4byte	.LASF87
  58 0010 01       		.byte	0x1
  59 0011 C4030000 		.4byte	.LASF88
  60 0015 D5010000 		.4byte	.LASF89
  61 0019 00000000 		.4byte	.Ldebug_ranges0+0
  62 001d 00000000 		.4byte	0
  63 0021 00000000 		.4byte	.Ldebug_line0
  64 0025 02       		.uleb128 0x2
  65 0026 01       		.byte	0x1
  66 0027 06       		.byte	0x6
  67 0028 DD040000 		.4byte	.LASF0
  68 002c 02       		.uleb128 0x2
  69 002d 01       		.byte	0x1
  70 002e 08       		.byte	0x8
  71 002f 64040000 		.4byte	.LASF1
  72 0033 02       		.uleb128 0x2
ARM GAS  C:\Users\Rafael\AppData\Local\Temp\cc6Tcckf.s 			page 4


  73 0034 02       		.byte	0x2
  74 0035 05       		.byte	0x5
  75 0036 B7000000 		.4byte	.LASF2
  76 003a 02       		.uleb128 0x2
  77 003b 02       		.byte	0x2
  78 003c 07       		.byte	0x7
  79 003d 8D060000 		.4byte	.LASF3
  80 0041 02       		.uleb128 0x2
  81 0042 04       		.byte	0x4
  82 0043 05       		.byte	0x5
  83 0044 F0020000 		.4byte	.LASF4
  84 0048 02       		.uleb128 0x2
  85 0049 04       		.byte	0x4
  86 004a 07       		.byte	0x7
  87 004b 6E050000 		.4byte	.LASF5
  88 004f 02       		.uleb128 0x2
  89 0050 08       		.byte	0x8
  90 0051 05       		.byte	0x5
  91 0052 05010000 		.4byte	.LASF6
  92 0056 02       		.uleb128 0x2
  93 0057 08       		.byte	0x8
  94 0058 07       		.byte	0x7
  95 0059 C4020000 		.4byte	.LASF7
  96 005d 03       		.uleb128 0x3
  97 005e 04       		.byte	0x4
  98 005f 05       		.byte	0x5
  99 0060 696E7400 		.ascii	"int\000"
 100 0064 02       		.uleb128 0x2
 101 0065 04       		.byte	0x4
 102 0066 07       		.byte	0x7
 103 0067 46050000 		.4byte	.LASF8
 104 006b 04       		.uleb128 0x4
 105 006c 7B010000 		.4byte	.LASF79
 106 0070 02       		.byte	0x2
 107 0071 9901     		.2byte	0x199
 108 0073 3A000000 		.4byte	0x3a
 109 0077 02       		.uleb128 0x2
 110 0078 04       		.byte	0x4
 111 0079 04       		.byte	0x4
 112 007a 5B020000 		.4byte	.LASF9
 113 007e 02       		.uleb128 0x2
 114 007f 08       		.byte	0x8
 115 0080 04       		.byte	0x4
 116 0081 54070000 		.4byte	.LASF10
 117 0085 02       		.uleb128 0x2
 118 0086 01       		.byte	0x1
 119 0087 08       		.byte	0x8
 120 0088 6C060000 		.4byte	.LASF11
 121 008c 02       		.uleb128 0x2
 122 008d 04       		.byte	0x4
 123 008e 07       		.byte	0x7
 124 008f DB000000 		.4byte	.LASF12
 125 0093 05       		.uleb128 0x5
 126 0094 01       		.byte	0x1
 127 0095 05       		.byte	0x5
 128 0096 4201     		.2byte	0x142
 129 0098 50020000 		.4byte	0x250
ARM GAS  C:\Users\Rafael\AppData\Local\Temp\cc6Tcckf.s 			page 5


 130 009c 06       		.uleb128 0x6
 131 009d A0060000 		.4byte	.LASF13
 132 00a1 00       		.sleb128 0
 133 00a2 06       		.uleb128 0x6
 134 00a3 4A010000 		.4byte	.LASF14
 135 00a7 01       		.sleb128 1
 136 00a8 06       		.uleb128 0x6
 137 00a9 BD080000 		.4byte	.LASF15
 138 00ad 02       		.sleb128 2
 139 00ae 06       		.uleb128 0x6
 140 00af 93070000 		.4byte	.LASF16
 141 00b3 03       		.sleb128 3
 142 00b4 06       		.uleb128 0x6
 143 00b5 24010000 		.4byte	.LASF17
 144 00b9 04       		.sleb128 4
 145 00ba 06       		.uleb128 0x6
 146 00bb 82030000 		.4byte	.LASF18
 147 00bf 05       		.sleb128 5
 148 00c0 06       		.uleb128 0x6
 149 00c1 3E000000 		.4byte	.LASF19
 150 00c5 06       		.sleb128 6
 151 00c6 06       		.uleb128 0x6
 152 00c7 F1070000 		.4byte	.LASF20
 153 00cb 20       		.sleb128 32
 154 00cc 06       		.uleb128 0x6
 155 00cd 80050000 		.4byte	.LASF21
 156 00d1 21       		.sleb128 33
 157 00d2 06       		.uleb128 0x6
 158 00d3 00000000 		.4byte	.LASF22
 159 00d7 22       		.sleb128 34
 160 00d8 06       		.uleb128 0x6
 161 00d9 9E030000 		.4byte	.LASF23
 162 00dd 23       		.sleb128 35
 163 00de 06       		.uleb128 0x6
 164 00df 2A050000 		.4byte	.LASF24
 165 00e3 24       		.sleb128 36
 166 00e4 06       		.uleb128 0x6
 167 00e5 C1000000 		.4byte	.LASF25
 168 00e9 25       		.sleb128 37
 169 00ea 06       		.uleb128 0x6
 170 00eb 39030000 		.4byte	.LASF26
 171 00ef 26       		.sleb128 38
 172 00f0 06       		.uleb128 0x6
 173 00f1 1A030000 		.4byte	.LASF27
 174 00f5 27       		.sleb128 39
 175 00f6 06       		.uleb128 0x6
 176 00f7 71000000 		.4byte	.LASF28
 177 00fb 28       		.sleb128 40
 178 00fc 06       		.uleb128 0x6
 179 00fd B8050000 		.4byte	.LASF29
 180 0101 29       		.sleb128 41
 181 0102 06       		.uleb128 0x6
 182 0103 1C060000 		.4byte	.LASF30
 183 0107 2A       		.sleb128 42
 184 0108 06       		.uleb128 0x6
 185 0109 F4060000 		.4byte	.LASF31
 186 010d 2B       		.sleb128 43
ARM GAS  C:\Users\Rafael\AppData\Local\Temp\cc6Tcckf.s 			page 6


 187 010e 06       		.uleb128 0x6
 188 010f F8050000 		.4byte	.LASF32
 189 0113 2C       		.sleb128 44
 190 0114 06       		.uleb128 0x6
 191 0115 7A020000 		.4byte	.LASF33
 192 0119 2D       		.sleb128 45
 193 011a 06       		.uleb128 0x6
 194 011b 93000000 		.4byte	.LASF34
 195 011f 2E       		.sleb128 46
 196 0120 06       		.uleb128 0x6
 197 0121 410A0000 		.4byte	.LASF35
 198 0125 2F       		.sleb128 47
 199 0126 06       		.uleb128 0x6
 200 0127 E4000000 		.4byte	.LASF36
 201 012b 30       		.sleb128 48
 202 012c 06       		.uleb128 0x6
 203 012d 1A040000 		.4byte	.LASF37
 204 0131 31       		.sleb128 49
 205 0132 06       		.uleb128 0x6
 206 0133 A3020000 		.4byte	.LASF38
 207 0137 32       		.sleb128 50
 208 0138 06       		.uleb128 0x6
 209 0139 45060000 		.4byte	.LASF39
 210 013d 33       		.sleb128 51
 211 013e 06       		.uleb128 0x6
 212 013f 57000000 		.4byte	.LASF40
 213 0143 C000     		.sleb128 64
 214 0145 06       		.uleb128 0x6
 215 0146 53050000 		.4byte	.LASF41
 216 014a C100     		.sleb128 65
 217 014c 06       		.uleb128 0x6
 218 014d 230A0000 		.4byte	.LASF42
 219 0151 C200     		.sleb128 66
 220 0153 06       		.uleb128 0x6
 221 0154 5D010000 		.4byte	.LASF43
 222 0158 C300     		.sleb128 67
 223 015a 06       		.uleb128 0x6
 224 015b 7B080000 		.4byte	.LASF44
 225 015f C400     		.sleb128 68
 226 0161 06       		.uleb128 0x6
 227 0162 15080000 		.4byte	.LASF45
 228 0166 C500     		.sleb128 69
 229 0168 06       		.uleb128 0x6
 230 0169 5A080000 		.4byte	.LASF46
 231 016d C600     		.sleb128 70
 232 016f 06       		.uleb128 0x6
 233 0170 BF040000 		.4byte	.LASF47
 234 0174 C700     		.sleb128 71
 235 0176 06       		.uleb128 0x6
 236 0177 03050000 		.4byte	.LASF48
 237 017b C800     		.sleb128 72
 238 017d 06       		.uleb128 0x6
 239 017e 61020000 		.4byte	.LASF49
 240 0182 C900     		.sleb128 73
 241 0184 06       		.uleb128 0x6
 242 0185 B7060000 		.4byte	.LASF50
 243 0189 CA00     		.sleb128 74
ARM GAS  C:\Users\Rafael\AppData\Local\Temp\cc6Tcckf.s 			page 7


 244 018b 06       		.uleb128 0x6
 245 018c 95010000 		.4byte	.LASF51
 246 0190 CB00     		.sleb128 75
 247 0192 06       		.uleb128 0x6
 248 0193 E9040000 		.4byte	.LASF52
 249 0197 CC00     		.sleb128 76
 250 0199 06       		.uleb128 0x6
 251 019a 24000000 		.4byte	.LASF53
 252 019e CD00     		.sleb128 77
 253 01a0 06       		.uleb128 0x6
 254 01a1 3C080000 		.4byte	.LASF54
 255 01a5 CE00     		.sleb128 78
 256 01a7 06       		.uleb128 0x6
 257 01a8 81040000 		.4byte	.LASF55
 258 01ac CF00     		.sleb128 79
 259 01ae 06       		.uleb128 0x6
 260 01af B6090000 		.4byte	.LASF56
 261 01b3 D000     		.sleb128 80
 262 01b5 06       		.uleb128 0x6
 263 01b6 D5060000 		.4byte	.LASF57
 264 01ba D100     		.sleb128 81
 265 01bc 06       		.uleb128 0x6
 266 01bd 61030000 		.4byte	.LASF58
 267 01c1 D200     		.sleb128 82
 268 01c3 06       		.uleb128 0x6
 269 01c4 F9020000 		.4byte	.LASF59
 270 01c8 D300     		.sleb128 83
 271 01ca 06       		.uleb128 0x6
 272 01cb B4010000 		.4byte	.LASF60
 273 01cf D400     		.sleb128 84
 274 01d1 06       		.uleb128 0x6
 275 01d2 FF090000 		.4byte	.LASF61
 276 01d6 D500     		.sleb128 85
 277 01d8 06       		.uleb128 0x6
 278 01d9 06090000 		.4byte	.LASF62
 279 01dd D600     		.sleb128 86
 280 01df 06       		.uleb128 0x6
 281 01e0 DD080000 		.4byte	.LASF63
 282 01e4 D700     		.sleb128 87
 283 01e6 06       		.uleb128 0x6
 284 01e7 D5050000 		.4byte	.LASF64
 285 01eb D800     		.sleb128 88
 286 01ed 06       		.uleb128 0x6
 287 01ee 3E040000 		.4byte	.LASF65
 288 01f2 F000     		.sleb128 112
 289 01f4 06       		.uleb128 0x6
 290 01f5 CB070000 		.4byte	.LASF66
 291 01f9 F100     		.sleb128 113
 292 01fb 06       		.uleb128 0x6
 293 01fc 71060000 		.4byte	.LASF67
 294 0200 F200     		.sleb128 114
 295 0202 06       		.uleb128 0x6
 296 0203 1C020000 		.4byte	.LASF68
 297 0207 F300     		.sleb128 115
 298 0209 06       		.uleb128 0x6
 299 020a FC030000 		.4byte	.LASF69
 300 020e F400     		.sleb128 116
ARM GAS  C:\Users\Rafael\AppData\Local\Temp\cc6Tcckf.s 			page 8


 301 0210 06       		.uleb128 0x6
 302 0211 97050000 		.4byte	.LASF70
 303 0215 F500     		.sleb128 117
 304 0217 06       		.uleb128 0x6
 305 0218 3A020000 		.4byte	.LASF71
 306 021c F600     		.sleb128 118
 307 021e 06       		.uleb128 0x6
 308 021f AC070000 		.4byte	.LASF72
 309 0223 F700     		.sleb128 119
 310 0225 06       		.uleb128 0x6
 311 0226 31070000 		.4byte	.LASF73
 312 022a F800     		.sleb128 120
 313 022c 06       		.uleb128 0x6
 314 022d 5B070000 		.4byte	.LASF74
 315 0231 F900     		.sleb128 121
 316 0233 06       		.uleb128 0x6
 317 0234 99080000 		.4byte	.LASF75
 318 0238 FA00     		.sleb128 122
 319 023a 06       		.uleb128 0x6
 320 023b 13070000 		.4byte	.LASF76
 321 023f FA01     		.sleb128 250
 322 0241 06       		.uleb128 0x6
 323 0242 A0040000 		.4byte	.LASF77
 324 0246 FB01     		.sleb128 251
 325 0248 06       		.uleb128 0x6
 326 0249 CF080000 		.4byte	.LASF78
 327 024d FF01     		.sleb128 255
 328 024f 00       		.byte	0
 329 0250 04       		.uleb128 0x4
 330 0251 D5090000 		.4byte	.LASF80
 331 0255 03       		.byte	0x3
 332 0256 9201     		.2byte	0x192
 333 0258 6B000000 		.4byte	0x6b
 334 025c 07       		.uleb128 0x7
 335 025d 06       		.byte	0x6
 336 025e 04       		.byte	0x4
 337 025f 43       		.byte	0x43
 338 0260 7D020000 		.4byte	0x27d
 339 0264 08       		.uleb128 0x8
 340 0265 7E070000 		.4byte	.LASF81
 341 0269 04       		.byte	0x4
 342 026a 46       		.byte	0x46
 343 026b 50020000 		.4byte	0x250
 344 026f 00       		.byte	0
 345 0270 08       		.uleb128 0x8
 346 0271 82010000 		.4byte	.LASF82
 347 0275 04       		.byte	0x4
 348 0276 48       		.byte	0x48
 349 0277 7D020000 		.4byte	0x27d
 350 027b 02       		.byte	0x2
 351 027c 00       		.byte	0
 352 027d 09       		.uleb128 0x9
 353 027e 50020000 		.4byte	0x250
 354 0282 8D020000 		.4byte	0x28d
 355 0286 0A       		.uleb128 0xa
 356 0287 8C000000 		.4byte	0x8c
 357 028b 01       		.byte	0x1
ARM GAS  C:\Users\Rafael\AppData\Local\Temp\cc6Tcckf.s 			page 9


 358 028c 00       		.byte	0
 359 028d 0B       		.uleb128 0xb
 360 028e DB020000 		.4byte	.LASF83
 361 0292 04       		.byte	0x4
 362 0293 4A       		.byte	0x4a
 363 0294 5C020000 		.4byte	0x25c
 364 0298 07       		.uleb128 0x7
 365 0299 08       		.byte	0x8
 366 029a 04       		.byte	0x4
 367 029b 4D       		.byte	0x4d
 368 029c B9020000 		.4byte	0x2b9
 369 02a0 08       		.uleb128 0x8
 370 02a1 13010000 		.4byte	.LASF84
 371 02a5 04       		.byte	0x4
 372 02a6 50       		.byte	0x50
 373 02a7 50020000 		.4byte	0x250
 374 02ab 00       		.byte	0
 375 02ac 08       		.uleb128 0x8
 376 02ad 72040000 		.4byte	.LASF85
 377 02b1 04       		.byte	0x4
 378 02b2 53       		.byte	0x53
 379 02b3 B9020000 		.4byte	0x2b9
 380 02b7 02       		.byte	0x2
 381 02b8 00       		.byte	0
 382 02b9 09       		.uleb128 0x9
 383 02ba 8D020000 		.4byte	0x28d
 384 02be C9020000 		.4byte	0x2c9
 385 02c2 0A       		.uleb128 0xa
 386 02c3 8C000000 		.4byte	0x8c
 387 02c7 00       		.byte	0
 388 02c8 00       		.byte	0
 389 02c9 0B       		.uleb128 0xb
 390 02ca EC030000 		.4byte	.LASF86
 391 02ce 04       		.byte	0x4
 392 02cf 55       		.byte	0x55
 393 02d0 98020000 		.4byte	0x298
 394 02d4 0C       		.uleb128 0xc
 395 02d5 39010000 		.4byte	.LASF90
 396 02d9 01       		.byte	0x1
 397 02da 45       		.byte	0x45
 398 02db 00000000 		.4byte	.LFB2
 399 02df 02000000 		.4byte	.LFE2-.LFB2
 400 02e3 01       		.uleb128 0x1
 401 02e4 9C       		.byte	0x9c
 402 02e5 09       		.uleb128 0x9
 403 02e6 C9020000 		.4byte	0x2c9
 404 02ea F5020000 		.4byte	0x2f5
 405 02ee 0A       		.uleb128 0xa
 406 02ef 8C000000 		.4byte	0x8c
 407 02f3 00       		.byte	0
 408 02f4 00       		.byte	0
 409 02f5 0D       		.uleb128 0xd
 410 02f6 F1090000 		.4byte	.LASF91
 411 02fa 01       		.byte	0x1
 412 02fb 1A       		.byte	0x1a
 413 02fc 06030000 		.4byte	0x306
 414 0300 05       		.uleb128 0x5
ARM GAS  C:\Users\Rafael\AppData\Local\Temp\cc6Tcckf.s 			page 10


 415 0301 03       		.byte	0x3
 416 0302 00000000 		.4byte	cyBle_customs
 417 0306 0E       		.uleb128 0xe
 418 0307 E5020000 		.4byte	0x2e5
 419 030b 00       		.byte	0
 420              		.section	.debug_abbrev,"",%progbits
 421              	.Ldebug_abbrev0:
 422 0000 01       		.uleb128 0x1
 423 0001 11       		.uleb128 0x11
 424 0002 01       		.byte	0x1
 425 0003 25       		.uleb128 0x25
 426 0004 0E       		.uleb128 0xe
 427 0005 13       		.uleb128 0x13
 428 0006 0B       		.uleb128 0xb
 429 0007 03       		.uleb128 0x3
 430 0008 0E       		.uleb128 0xe
 431 0009 1B       		.uleb128 0x1b
 432 000a 0E       		.uleb128 0xe
 433 000b 55       		.uleb128 0x55
 434 000c 17       		.uleb128 0x17
 435 000d 11       		.uleb128 0x11
 436 000e 01       		.uleb128 0x1
 437 000f 10       		.uleb128 0x10
 438 0010 17       		.uleb128 0x17
 439 0011 00       		.byte	0
 440 0012 00       		.byte	0
 441 0013 02       		.uleb128 0x2
 442 0014 24       		.uleb128 0x24
 443 0015 00       		.byte	0
 444 0016 0B       		.uleb128 0xb
 445 0017 0B       		.uleb128 0xb
 446 0018 3E       		.uleb128 0x3e
 447 0019 0B       		.uleb128 0xb
 448 001a 03       		.uleb128 0x3
 449 001b 0E       		.uleb128 0xe
 450 001c 00       		.byte	0
 451 001d 00       		.byte	0
 452 001e 03       		.uleb128 0x3
 453 001f 24       		.uleb128 0x24
 454 0020 00       		.byte	0
 455 0021 0B       		.uleb128 0xb
 456 0022 0B       		.uleb128 0xb
 457 0023 3E       		.uleb128 0x3e
 458 0024 0B       		.uleb128 0xb
 459 0025 03       		.uleb128 0x3
 460 0026 08       		.uleb128 0x8
 461 0027 00       		.byte	0
 462 0028 00       		.byte	0
 463 0029 04       		.uleb128 0x4
 464 002a 16       		.uleb128 0x16
 465 002b 00       		.byte	0
 466 002c 03       		.uleb128 0x3
 467 002d 0E       		.uleb128 0xe
 468 002e 3A       		.uleb128 0x3a
 469 002f 0B       		.uleb128 0xb
 470 0030 3B       		.uleb128 0x3b
 471 0031 05       		.uleb128 0x5
ARM GAS  C:\Users\Rafael\AppData\Local\Temp\cc6Tcckf.s 			page 11


 472 0032 49       		.uleb128 0x49
 473 0033 13       		.uleb128 0x13
 474 0034 00       		.byte	0
 475 0035 00       		.byte	0
 476 0036 05       		.uleb128 0x5
 477 0037 04       		.uleb128 0x4
 478 0038 01       		.byte	0x1
 479 0039 0B       		.uleb128 0xb
 480 003a 0B       		.uleb128 0xb
 481 003b 3A       		.uleb128 0x3a
 482 003c 0B       		.uleb128 0xb
 483 003d 3B       		.uleb128 0x3b
 484 003e 05       		.uleb128 0x5
 485 003f 01       		.uleb128 0x1
 486 0040 13       		.uleb128 0x13
 487 0041 00       		.byte	0
 488 0042 00       		.byte	0
 489 0043 06       		.uleb128 0x6
 490 0044 28       		.uleb128 0x28
 491 0045 00       		.byte	0
 492 0046 03       		.uleb128 0x3
 493 0047 0E       		.uleb128 0xe
 494 0048 1C       		.uleb128 0x1c
 495 0049 0D       		.uleb128 0xd
 496 004a 00       		.byte	0
 497 004b 00       		.byte	0
 498 004c 07       		.uleb128 0x7
 499 004d 13       		.uleb128 0x13
 500 004e 01       		.byte	0x1
 501 004f 0B       		.uleb128 0xb
 502 0050 0B       		.uleb128 0xb
 503 0051 3A       		.uleb128 0x3a
 504 0052 0B       		.uleb128 0xb
 505 0053 3B       		.uleb128 0x3b
 506 0054 0B       		.uleb128 0xb
 507 0055 01       		.uleb128 0x1
 508 0056 13       		.uleb128 0x13
 509 0057 00       		.byte	0
 510 0058 00       		.byte	0
 511 0059 08       		.uleb128 0x8
 512 005a 0D       		.uleb128 0xd
 513 005b 00       		.byte	0
 514 005c 03       		.uleb128 0x3
 515 005d 0E       		.uleb128 0xe
 516 005e 3A       		.uleb128 0x3a
 517 005f 0B       		.uleb128 0xb
 518 0060 3B       		.uleb128 0x3b
 519 0061 0B       		.uleb128 0xb
 520 0062 49       		.uleb128 0x49
 521 0063 13       		.uleb128 0x13
 522 0064 38       		.uleb128 0x38
 523 0065 0B       		.uleb128 0xb
 524 0066 00       		.byte	0
 525 0067 00       		.byte	0
 526 0068 09       		.uleb128 0x9
 527 0069 01       		.uleb128 0x1
 528 006a 01       		.byte	0x1
ARM GAS  C:\Users\Rafael\AppData\Local\Temp\cc6Tcckf.s 			page 12


 529 006b 49       		.uleb128 0x49
 530 006c 13       		.uleb128 0x13
 531 006d 01       		.uleb128 0x1
 532 006e 13       		.uleb128 0x13
 533 006f 00       		.byte	0
 534 0070 00       		.byte	0
 535 0071 0A       		.uleb128 0xa
 536 0072 21       		.uleb128 0x21
 537 0073 00       		.byte	0
 538 0074 49       		.uleb128 0x49
 539 0075 13       		.uleb128 0x13
 540 0076 2F       		.uleb128 0x2f
 541 0077 0B       		.uleb128 0xb
 542 0078 00       		.byte	0
 543 0079 00       		.byte	0
 544 007a 0B       		.uleb128 0xb
 545 007b 16       		.uleb128 0x16
 546 007c 00       		.byte	0
 547 007d 03       		.uleb128 0x3
 548 007e 0E       		.uleb128 0xe
 549 007f 3A       		.uleb128 0x3a
 550 0080 0B       		.uleb128 0xb
 551 0081 3B       		.uleb128 0x3b
 552 0082 0B       		.uleb128 0xb
 553 0083 49       		.uleb128 0x49
 554 0084 13       		.uleb128 0x13
 555 0085 00       		.byte	0
 556 0086 00       		.byte	0
 557 0087 0C       		.uleb128 0xc
 558 0088 2E       		.uleb128 0x2e
 559 0089 00       		.byte	0
 560 008a 3F       		.uleb128 0x3f
 561 008b 19       		.uleb128 0x19
 562 008c 03       		.uleb128 0x3
 563 008d 0E       		.uleb128 0xe
 564 008e 3A       		.uleb128 0x3a
 565 008f 0B       		.uleb128 0xb
 566 0090 3B       		.uleb128 0x3b
 567 0091 0B       		.uleb128 0xb
 568 0092 27       		.uleb128 0x27
 569 0093 19       		.uleb128 0x19
 570 0094 11       		.uleb128 0x11
 571 0095 01       		.uleb128 0x1
 572 0096 12       		.uleb128 0x12
 573 0097 06       		.uleb128 0x6
 574 0098 40       		.uleb128 0x40
 575 0099 18       		.uleb128 0x18
 576 009a 9742     		.uleb128 0x2117
 577 009c 19       		.uleb128 0x19
 578 009d 00       		.byte	0
 579 009e 00       		.byte	0
 580 009f 0D       		.uleb128 0xd
 581 00a0 34       		.uleb128 0x34
 582 00a1 00       		.byte	0
 583 00a2 03       		.uleb128 0x3
 584 00a3 0E       		.uleb128 0xe
 585 00a4 3A       		.uleb128 0x3a
ARM GAS  C:\Users\Rafael\AppData\Local\Temp\cc6Tcckf.s 			page 13


 586 00a5 0B       		.uleb128 0xb
 587 00a6 3B       		.uleb128 0x3b
 588 00a7 0B       		.uleb128 0xb
 589 00a8 49       		.uleb128 0x49
 590 00a9 13       		.uleb128 0x13
 591 00aa 3F       		.uleb128 0x3f
 592 00ab 19       		.uleb128 0x19
 593 00ac 02       		.uleb128 0x2
 594 00ad 18       		.uleb128 0x18
 595 00ae 00       		.byte	0
 596 00af 00       		.byte	0
 597 00b0 0E       		.uleb128 0xe
 598 00b1 26       		.uleb128 0x26
 599 00b2 00       		.byte	0
 600 00b3 49       		.uleb128 0x49
 601 00b4 13       		.uleb128 0x13
 602 00b5 00       		.byte	0
 603 00b6 00       		.byte	0
 604 00b7 00       		.byte	0
 605              		.section	.debug_aranges,"",%progbits
 606 0000 1C000000 		.4byte	0x1c
 607 0004 0200     		.2byte	0x2
 608 0006 00000000 		.4byte	.Ldebug_info0
 609 000a 04       		.byte	0x4
 610 000b 00       		.byte	0
 611 000c 0000     		.2byte	0
 612 000e 0000     		.2byte	0
 613 0010 00000000 		.4byte	.LFB2
 614 0014 02000000 		.4byte	.LFE2-.LFB2
 615 0018 00000000 		.4byte	0
 616 001c 00000000 		.4byte	0
 617              		.section	.debug_ranges,"",%progbits
 618              	.Ldebug_ranges0:
 619 0000 00000000 		.4byte	.LFB2
 620 0004 02000000 		.4byte	.LFE2
 621 0008 00000000 		.4byte	0
 622 000c 00000000 		.4byte	0
 623              		.section	.debug_line,"",%progbits
 624              	.Ldebug_line0:
 625 0000 9C000000 		.section	.debug_str,"MS",%progbits,1
 625      02008300 
 625      00000201 
 625      FB0E0D00 
 625      01010101 
 626              	.LASF22:
 627 0000 4359424C 		.ascii	"CYBLE_EVT_GAP_PASSKEY_ENTRY_REQUEST\000"
 627      455F4556 
 627      545F4741 
 627      505F5041 
 627      53534B45 
 628              	.LASF53:
 629 0024 4359424C 		.ascii	"CYBLE_EVT_GATTC_WRITE_RSP\000"
 629      455F4556 
 629      545F4741 
 629      5454435F 
 629      57524954 
 630              	.LASF19:
ARM GAS  C:\Users\Rafael\AppData\Local\Temp\cc6Tcckf.s 			page 14


 631 003e 4359424C 		.ascii	"CYBLE_EVT_MEMORY_REQUEST\000"
 631      455F4556 
 631      545F4D45 
 631      4D4F5259 
 631      5F524551 
 632              	.LASF40:
 633 0057 4359424C 		.ascii	"CYBLE_EVT_GATTC_ERROR_RSP\000"
 633      455F4556 
 633      545F4741 
 633      5454435F 
 633      4552524F 
 634              	.LASF28:
 635 0071 4359424C 		.ascii	"CYBLE_EVT_GAP_DEVICE_DISCONNECTED\000"
 635      455F4556 
 635      545F4741 
 635      505F4445 
 635      56494345 
 636              	.LASF34:
 637 0093 4359424C 		.ascii	"CYBLE_EVT_GAP_KEYPRESS_NOTIFICATION\000"
 637      455F4556 
 637      545F4741 
 637      505F4B45 
 637      59505245 
 638              	.LASF2:
 639 00b7 73686F72 		.ascii	"short int\000"
 639      7420696E 
 639      7400
 640              	.LASF25:
 641 00c1 4359424C 		.ascii	"CYBLE_EVT_GAP_AUTH_FAILED\000"
 641      455F4556 
 641      545F4741 
 641      505F4155 
 641      54485F46 
 642              	.LASF12:
 643 00db 73697A65 		.ascii	"sizetype\000"
 643      74797065 
 643      00
 644              	.LASF36:
 645 00e4 4359424C 		.ascii	"CYBLE_EVT_GAP_DATA_LENGTH_CHANGE\000"
 645      455F4556 
 645      545F4741 
 645      505F4441 
 645      54415F4C 
 646              	.LASF6:
 647 0105 6C6F6E67 		.ascii	"long long int\000"
 647      206C6F6E 
 647      6720696E 
 647      7400
 648              	.LASF84:
 649 0113 63757374 		.ascii	"customServHandle\000"
 649      6F6D5365 
 649      72764861 
 649      6E646C65 
 649      00
 650              	.LASF17:
 651 0124 4359424C 		.ascii	"CYBLE_EVT_HCI_STATUS\000"
 651      455F4556 
ARM GAS  C:\Users\Rafael\AppData\Local\Temp\cc6Tcckf.s 			page 15


 651      545F4843 
 651      495F5354 
 651      41545553 
 652              	.LASF90:
 653 0139 4379426C 		.ascii	"CyBle_CustomInit\000"
 653      655F4375 
 653      73746F6D 
 653      496E6974 
 653      00
 654              	.LASF14:
 655 014a 4359424C 		.ascii	"CYBLE_EVT_STACK_ON\000"
 655      455F4556 
 655      545F5354 
 655      41434B5F 
 655      4F4E00
 656              	.LASF43:
 657 015d 4359424C 		.ascii	"CYBLE_EVT_GATTS_XCNHG_MTU_REQ\000"
 657      455F4556 
 657      545F4741 
 657      5454535F 
 657      58434E48 
 658              	.LASF79:
 659 017b 75696E74 		.ascii	"uint16\000"
 659      313600
 660              	.LASF82:
 661 0182 63757374 		.ascii	"customServCharDesc\000"
 661      6F6D5365 
 661      72764368 
 661      61724465 
 661      736300
 662              	.LASF51:
 663 0195 4359424C 		.ascii	"CYBLE_EVT_GATTC_READ_MULTI_RSP\000"
 663      455F4556 
 663      545F4741 
 663      5454435F 
 663      52454144 
 664              	.LASF60:
 665 01b4 4359424C 		.ascii	"CYBLE_EVT_GATTS_HANDLE_VALUE_CNF\000"
 665      455F4556 
 665      545F4741 
 665      5454535F 
 665      48414E44 
 666              	.LASF89:
 667 01d5 433A5C55 		.ascii	"C:\\Users\\Rafael\\Documents\\PSoC Creator\\Workspa"
 667      73657273 
 667      5C526166 
 667      61656C5C 
 667      446F6375 
 668 0203 63653031 		.ascii	"ce01\\MicroFluidics.cydsn\000"
 668      5C4D6963 
 668      726F466C 
 668      75696469 
 668      63732E63 
 669              	.LASF68:
 670 021c 4359424C 		.ascii	"CYBLE_EVT_L2CAP_CBFC_CONN_IND\000"
 670      455F4556 
 670      545F4C32 
ARM GAS  C:\Users\Rafael\AppData\Local\Temp\cc6Tcckf.s 			page 16


 670      4341505F 
 670      43424643 
 671              	.LASF71:
 672 023a 4359424C 		.ascii	"CYBLE_EVT_L2CAP_CBFC_DISCONN_CNF\000"
 672      455F4556 
 672      545F4C32 
 672      4341505F 
 672      43424643 
 673              	.LASF9:
 674 025b 666C6F61 		.ascii	"float\000"
 674      7400
 675              	.LASF49:
 676 0261 4359424C 		.ascii	"CYBLE_EVT_GATTC_READ_RSP\000"
 676      455F4556 
 676      545F4741 
 676      5454435F 
 676      52454144 
 677              	.LASF33:
 678 027a 4359424C 		.ascii	"CYBLE_EVT_GAP_NUMERIC_COMPARISON_REQUEST\000"
 678      455F4556 
 678      545F4741 
 678      505F4E55 
 678      4D455249 
 679              	.LASF38:
 680 02a3 4359424C 		.ascii	"CYBLE_EVT_GAPC_DIRECT_ADV_REPORT\000"
 680      455F4556 
 680      545F4741 
 680      50435F44 
 680      49524543 
 681              	.LASF7:
 682 02c4 6C6F6E67 		.ascii	"long long unsigned int\000"
 682      206C6F6E 
 682      6720756E 
 682      7369676E 
 682      65642069 
 683              	.LASF83:
 684 02db 4359424C 		.ascii	"CYBLE_CUSTOMS_INFO_T\000"
 684      455F4355 
 684      53544F4D 
 684      535F494E 
 684      464F5F54 
 685              	.LASF4:
 686 02f0 6C6F6E67 		.ascii	"long int\000"
 686      20696E74 
 686      00
 687              	.LASF59:
 688 02f9 4359424C 		.ascii	"CYBLE_EVT_GATTC_HANDLE_VALUE_IND\000"
 688      455F4556 
 688      545F4741 
 688      5454435F 
 688      48414E44 
 689              	.LASF27:
 690 031a 4359424C 		.ascii	"CYBLE_EVT_GAP_DEVICE_CONNECTED\000"
 690      455F4556 
 690      545F4741 
 690      505F4445 
 690      56494345 
ARM GAS  C:\Users\Rafael\AppData\Local\Temp\cc6Tcckf.s 			page 17


 691              	.LASF26:
 692 0339 4359424C 		.ascii	"CYBLE_EVT_GAPP_ADVERTISEMENT_START_STOP\000"
 692      455F4556 
 692      545F4741 
 692      50505F41 
 692      44564552 
 693              	.LASF58:
 694 0361 4359424C 		.ascii	"CYBLE_EVT_GATTC_HANDLE_VALUE_NTF\000"
 694      455F4556 
 694      545F4741 
 694      5454435F 
 694      48414E44 
 695              	.LASF18:
 696 0382 4359424C 		.ascii	"CYBLE_EVT_STACK_BUSY_STATUS\000"
 696      455F4556 
 696      545F5354 
 696      41434B5F 
 696      42555359 
 697              	.LASF23:
 698 039e 4359424C 		.ascii	"CYBLE_EVT_GAP_PASSKEY_DISPLAY_REQUEST\000"
 698      455F4556 
 698      545F4741 
 698      505F5041 
 698      53534B45 
 699              	.LASF88:
 700 03c4 2E5C4765 		.ascii	".\\Generated_Source\\PSoC4\\BLE_1_custom.c\000"
 700      6E657261 
 700      7465645F 
 700      536F7572 
 700      63655C50 
 701              	.LASF86:
 702 03ec 4359424C 		.ascii	"CYBLE_CUSTOMS_T\000"
 702      455F4355 
 702      53544F4D 
 702      535F5400 
 703              	.LASF69:
 704 03fc 4359424C 		.ascii	"CYBLE_EVT_L2CAP_CBFC_CONN_CNF\000"
 704      455F4556 
 704      545F4C32 
 704      4341505F 
 704      43424643 
 705              	.LASF37:
 706 041a 4359424C 		.ascii	"CYBLE_EVT_GAP_ENHANCE_CONN_COMPLETE\000"
 706      455F4556 
 706      545F4741 
 706      505F454E 
 706      48414E43 
 707              	.LASF65:
 708 043e 4359424C 		.ascii	"CYBLE_EVT_L2CAP_CONN_PARAM_UPDATE_REQ\000"
 708      455F4556 
 708      545F4C32 
 708      4341505F 
 708      434F4E4E 
 709              	.LASF1:
 710 0464 756E7369 		.ascii	"unsigned char\000"
 710      676E6564 
 710      20636861 
ARM GAS  C:\Users\Rafael\AppData\Local\Temp\cc6Tcckf.s 			page 18


 710      7200
 711              	.LASF85:
 712 0472 63757374 		.ascii	"customServInfo\000"
 712      6F6D5365 
 712      7276496E 
 712      666F00
 713              	.LASF55:
 714 0481 4359424C 		.ascii	"CYBLE_EVT_GATTS_PREP_WRITE_REQ\000"
 714      455F4556 
 714      545F4741 
 714      5454535F 
 714      50524550 
 715              	.LASF77:
 716 04a0 4359424C 		.ascii	"CYBLE_EVT_LE_PING_AUTH_TIMEOUT\000"
 716      455F4556 
 716      545F4C45 
 716      5F50494E 
 716      475F4155 
 717              	.LASF47:
 718 04bf 4359424C 		.ascii	"CYBLE_EVT_GATTC_FIND_INFO_RSP\000"
 718      455F4556 
 718      545F4741 
 718      5454435F 
 718      46494E44 
 719              	.LASF0:
 720 04dd 7369676E 		.ascii	"signed char\000"
 720      65642063 
 720      68617200 
 721              	.LASF52:
 722 04e9 4359424C 		.ascii	"CYBLE_EVT_GATTS_WRITE_REQ\000"
 722      455F4556 
 722      545F4741 
 722      5454535F 
 722      57524954 
 723              	.LASF48:
 724 0503 4359424C 		.ascii	"CYBLE_EVT_GATTC_FIND_BY_TYPE_VALUE_RSP\000"
 724      455F4556 
 724      545F4741 
 724      5454435F 
 724      46494E44 
 725              	.LASF24:
 726 052a 4359424C 		.ascii	"CYBLE_EVT_GAP_AUTH_COMPLETE\000"
 726      455F4556 
 726      545F4741 
 726      505F4155 
 726      54485F43 
 727              	.LASF8:
 728 0546 756E7369 		.ascii	"unsigned int\000"
 728      676E6564 
 728      20696E74 
 728      00
 729              	.LASF41:
 730 0553 4359424C 		.ascii	"CYBLE_EVT_GATT_CONNECT_IND\000"
 730      455F4556 
 730      545F4741 
 730      54545F43 
 730      4F4E4E45 
ARM GAS  C:\Users\Rafael\AppData\Local\Temp\cc6Tcckf.s 			page 19


 731              	.LASF5:
 732 056e 6C6F6E67 		.ascii	"long unsigned int\000"
 732      20756E73 
 732      69676E65 
 732      6420696E 
 732      7400
 733              	.LASF21:
 734 0580 4359424C 		.ascii	"CYBLE_EVT_GAP_AUTH_REQ\000"
 734      455F4556 
 734      545F4741 
 734      505F4155 
 734      54485F52 
 735              	.LASF70:
 736 0597 4359424C 		.ascii	"CYBLE_EVT_L2CAP_CBFC_DISCONN_IND\000"
 736      455F4556 
 736      545F4C32 
 736      4341505F 
 736      43424643 
 737              	.LASF29:
 738 05b8 4359424C 		.ascii	"CYBLE_EVT_GAP_ENCRYPT_CHANGE\000"
 738      455F4556 
 738      545F4741 
 738      505F454E 
 738      43525950 
 739              	.LASF64:
 740 05d5 4359424C 		.ascii	"CYBLE_EVT_GATTC_LONG_PROCEDURE_END\000"
 740      455F4556 
 740      545F4741 
 740      5454435F 
 740      4C4F4E47 
 741              	.LASF32:
 742 05f8 4359424C 		.ascii	"CYBLE_EVT_GAP_KEYINFO_EXCHNGE_CMPLT\000"
 742      455F4556 
 742      545F4741 
 742      505F4B45 
 742      59494E46 
 743              	.LASF30:
 744 061c 4359424C 		.ascii	"CYBLE_EVT_GAP_CONNECTION_UPDATE_COMPLETE\000"
 744      455F4556 
 744      545F4741 
 744      505F434F 
 744      4E4E4543 
 745              	.LASF39:
 746 0645 4359424C 		.ascii	"CYBLE_EVT_GAP_SMP_NEGOTIATED_AUTH_INFO\000"
 746      455F4556 
 746      545F4741 
 746      505F534D 
 746      505F4E45 
 747              	.LASF11:
 748 066c 63686172 		.ascii	"char\000"
 748      00
 749              	.LASF67:
 750 0671 4359424C 		.ascii	"CYBLE_EVT_L2CAP_COMMAND_REJ\000"
 750      455F4556 
 750      545F4C32 
 750      4341505F 
 750      434F4D4D 
ARM GAS  C:\Users\Rafael\AppData\Local\Temp\cc6Tcckf.s 			page 20


 751              	.LASF3:
 752 068d 73686F72 		.ascii	"short unsigned int\000"
 752      7420756E 
 752      7369676E 
 752      65642069 
 752      6E7400
 753              	.LASF13:
 754 06a0 4359424C 		.ascii	"CYBLE_EVT_HOST_INVALID\000"
 754      455F4556 
 754      545F484F 
 754      53545F49 
 754      4E56414C 
 755              	.LASF50:
 756 06b7 4359424C 		.ascii	"CYBLE_EVT_GATTC_READ_BLOB_RSP\000"
 756      455F4556 
 756      545F4741 
 756      5454435F 
 756      52454144 
 757              	.LASF57:
 758 06d5 4359424C 		.ascii	"CYBLE_EVT_GATTC_EXEC_WRITE_RSP\000"
 758      455F4556 
 758      545F4741 
 758      5454435F 
 758      45584543 
 759              	.LASF31:
 760 06f4 4359424C 		.ascii	"CYBLE_EVT_GAPC_SCAN_START_STOP\000"
 760      455F4556 
 760      545F4741 
 760      50435F53 
 760      43414E5F 
 761              	.LASF76:
 762 0713 4359424C 		.ascii	"CYBLE_EVT_PENDING_FLASH_WRITE\000"
 762      455F4556 
 762      545F5045 
 762      4E44494E 
 762      475F464C 
 763              	.LASF73:
 764 0731 4359424C 		.ascii	"CYBLE_EVT_L2CAP_CBFC_RX_CREDIT_IND\000"
 764      455F4556 
 764      545F4C32 
 764      4341505F 
 764      43424643 
 765              	.LASF10:
 766 0754 646F7562 		.ascii	"double\000"
 766      6C6500
 767              	.LASF74:
 768 075b 4359424C 		.ascii	"CYBLE_EVT_L2CAP_CBFC_TX_CREDIT_IND\000"
 768      455F4556 
 768      545F4C32 
 768      4341505F 
 768      43424643 
 769              	.LASF81:
 770 077e 63757374 		.ascii	"customServCharHandle\000"
 770      6F6D5365 
 770      72764368 
 770      61724861 
 770      6E646C65 
ARM GAS  C:\Users\Rafael\AppData\Local\Temp\cc6Tcckf.s 			page 21


 771              	.LASF16:
 772 0793 4359424C 		.ascii	"CYBLE_EVT_HARDWARE_ERROR\000"
 772      455F4556 
 772      545F4841 
 772      52445741 
 772      52455F45 
 773              	.LASF72:
 774 07ac 4359424C 		.ascii	"CYBLE_EVT_L2CAP_CBFC_DATA_READ\000"
 774      455F4556 
 774      545F4C32 
 774      4341505F 
 774      43424643 
 775              	.LASF66:
 776 07cb 4359424C 		.ascii	"CYBLE_EVT_L2CAP_CONN_PARAM_UPDATE_RSP\000"
 776      455F4556 
 776      545F4C32 
 776      4341505F 
 776      434F4E4E 
 777              	.LASF20:
 778 07f1 4359424C 		.ascii	"CYBLE_EVT_GAPC_SCAN_PROGRESS_RESULT\000"
 778      455F4556 
 778      545F4741 
 778      50435F53 
 778      43414E5F 
 779              	.LASF45:
 780 0815 4359424C 		.ascii	"CYBLE_EVT_GATTC_READ_BY_GROUP_TYPE_RSP\000"
 780      455F4556 
 780      545F4741 
 780      5454435F 
 780      52454144 
 781              	.LASF54:
 782 083c 4359424C 		.ascii	"CYBLE_EVT_GATTS_WRITE_CMD_REQ\000"
 782      455F4556 
 782      545F4741 
 782      5454535F 
 782      57524954 
 783              	.LASF46:
 784 085a 4359424C 		.ascii	"CYBLE_EVT_GATTC_READ_BY_TYPE_RSP\000"
 784      455F4556 
 784      545F4741 
 784      5454435F 
 784      52454144 
 785              	.LASF44:
 786 087b 4359424C 		.ascii	"CYBLE_EVT_GATTC_XCHNG_MTU_RSP\000"
 786      455F4556 
 786      545F4741 
 786      5454435F 
 786      5843484E 
 787              	.LASF75:
 788 0899 4359424C 		.ascii	"CYBLE_EVT_L2CAP_CBFC_DATA_WRITE_IND\000"
 788      455F4556 
 788      545F4C32 
 788      4341505F 
 788      43424643 
 789              	.LASF15:
 790 08bd 4359424C 		.ascii	"CYBLE_EVT_TIMEOUT\000"
 790      455F4556 
ARM GAS  C:\Users\Rafael\AppData\Local\Temp\cc6Tcckf.s 			page 22


 790      545F5449 
 790      4D454F55 
 790      5400
 791              	.LASF78:
 792 08cf 4359424C 		.ascii	"CYBLE_EVT_MAX\000"
 792      455F4556 
 792      545F4D41 
 792      5800
 793              	.LASF63:
 794 08dd 4359424C 		.ascii	"CYBLE_EVT_GATTS_READ_CHAR_VAL_ACCESS_REQ\000"
 794      455F4556 
 794      545F4741 
 794      5454535F 
 794      52454144 
 795              	.LASF62:
 796 0906 4359424C 		.ascii	"CYBLE_EVT_GATTC_STOP_CMD_COMPLETE\000"
 796      455F4556 
 796      545F4741 
 796      5454435F 
 796      53544F50 
 797              	.LASF87:
 798 0928 474E5520 		.ascii	"GNU C 4.9.3 20150303 (release) [ARM/embedded-4_9-br"
 798      4320342E 
 798      392E3320 
 798      32303135 
 798      30333033 
 799 095b 616E6368 		.ascii	"anch revision 221220] -mcpu=cortex-m0 -mthumb -g -O"
 799      20726576 
 799      6973696F 
 799      6E203232 
 799      31323230 
 800 098e 67202D66 		.ascii	"g -ffunction-sections -ffat-lto-objects\000"
 800      66756E63 
 800      74696F6E 
 800      2D736563 
 800      74696F6E 
 801              	.LASF56:
 802 09b6 4359424C 		.ascii	"CYBLE_EVT_GATTS_EXEC_WRITE_REQ\000"
 802      455F4556 
 802      545F4741 
 802      5454535F 
 802      45584543 
 803              	.LASF80:
 804 09d5 4359424C 		.ascii	"CYBLE_GATT_DB_ATTR_HANDLE_T\000"
 804      455F4741 
 804      54545F44 
 804      425F4154 
 804      54525F48 
 805              	.LASF91:
 806 09f1 6379426C 		.ascii	"cyBle_customs\000"
 806      655F6375 
 806      73746F6D 
 806      7300
 807              	.LASF61:
 808 09ff 4359424C 		.ascii	"CYBLE_EVT_GATTS_DATA_SIGNED_CMD_REQ\000"
 808      455F4556 
 808      545F4741 
ARM GAS  C:\Users\Rafael\AppData\Local\Temp\cc6Tcckf.s 			page 23


 808      5454535F 
 808      44415441 
 809              	.LASF42:
 810 0a23 4359424C 		.ascii	"CYBLE_EVT_GATT_DISCONNECT_IND\000"
 810      455F4556 
 810      545F4741 
 810      54545F44 
 810      4953434F 
 811              	.LASF35:
 812 0a41 4359424C 		.ascii	"CYBLE_EVT_GAP_OOB_GENERATED_NOTIFICATION\000"
 812      455F4556 
 812      545F4741 
 812      505F4F4F 
 812      425F4745 
 813              		.ident	"GCC: (GNU Tools for ARM Embedded Processors) 4.9.3 20150303 (release) [ARM/embedded-4_9-br
